#! /usr/bin/vvp
:ivl_version "12.0 (stable)";
:ivl_delay_selection "TYPICAL";
:vpi_time_precision + 0;
:vpi_module "/usr/lib/x86_64-linux-gnu/ivl/system.vpi";
:vpi_module "/usr/lib/x86_64-linux-gnu/ivl/vhdl_sys.vpi";
:vpi_module "/usr/lib/x86_64-linux-gnu/ivl/vhdl_textio.vpi";
:vpi_module "/usr/lib/x86_64-linux-gnu/ivl/v2005_math.vpi";
:vpi_module "/usr/lib/x86_64-linux-gnu/ivl/va_math.vpi";
S_0x633b734ed190 .scope module, "keyexpansion" "keyexpansion" 2 1;
 .timescale 0 0;
    .port_info 0 /INPUT 256 "key";
    .port_info 1 /INPUT 1 "clk";
    .port_info 2 /INPUT 1 "rst";
    .port_info 3 /OUTPUT 128 "out_key";
P_0x633b734ed320 .param/l "DONE" 1 2 19, C4<111>;
P_0x633b734ed360 .param/l "EXPANSION" 1 2 14, C4<010>;
P_0x633b734ed3a0 .param/l "IDLE" 1 2 12, C4<000>;
P_0x633b734ed3e0 .param/l "RC_CON" 1 2 17, C4<101>;
P_0x633b734ed420 .param/l "ROT_BYTE" 1 2 15, C4<011>;
P_0x633b734ed460 .param/l "START" 1 2 13, C4<001>;
P_0x633b734ed4a0 .param/l "SUB_BYTE" 1 2 16, C4<100>;
P_0x633b734ed4e0 .param/l "XOR" 1 2 18, C4<110>;
o0x70c6f2271018 .functor BUFZ 1, C4<z>; HiZ drive
v0x633b734ef030_0 .net "clk", 0 0, o0x70c6f2271018;  0 drivers
o0x70c6f2271048 .functor BUFZ 256, C4<zzzzzzzzzzzzzzzzzzzzzzzzzzzzzzzzzzzzzzzzzzzzzzzzzzzzzzzzzzzzzzzzzzzzzzzzzzzzzzzzzzzzzzzzzzzzzzzzzzzzzzzzzzzzzzzzzzzzzzzzzzzzzzzzzzzzzzzzzzzzzzzzzzzzzzzzzzzzzzzzzzzzzzzzzzzzzzzzzzzzzzzzzzzzzzzzzzzzzzzzzzzzzzzzzzzzzzzzzzzzzzzzzzzzzzzzzzzzzzzzzzzzzzzzzzzzzzzz>; HiZ drive
v0x633b7353d030_0 .net "key", 255 0, o0x70c6f2271048;  0 drivers
v0x633b7353d110_0 .var "key_in", 255 0;
v0x633b7353d1d0_0 .var "nextstate", 2 0;
v0x633b7353d2b0_0 .var "out_key", 127 0;
o0x70c6f2271108 .functor BUFZ 1, C4<z>; HiZ drive
v0x633b7353d3e0_0 .net "rst", 0 0, o0x70c6f2271108;  0 drivers
v0x633b7353d4a0_0 .var "state", 2 0;
v0x633b7353d580_0 .var "sub", 31 0;
v0x633b7353d660_0 .var "temp", 31 0;
v0x633b7353d740_0 .var "word_counter", 3 0;
E_0x633b73526b00/0 .event anyedge, v0x633b7353d4a0_0, v0x633b7353d030_0, v0x633b7353d740_0, v0x633b7353d110_0;
E_0x633b73526b00/1 .event anyedge, v0x633b7353d660_0;
E_0x633b73526b00 .event/or E_0x633b73526b00/0, E_0x633b73526b00/1;
E_0x633b73526980 .event posedge, v0x633b734ef030_0;
    .scope S_0x633b734ed190;
T_0 ;
    %pushi/vec4 0, 0, 3;
    %store/vec4 v0x633b7353d1d0_0, 0, 3;
    %pushi/vec4 0, 0, 4;
    %store/vec4 v0x633b7353d740_0, 0, 4;
    %end;
    .thread T_0;
    .scope S_0x633b734ed190;
T_1 ;
    %wait E_0x633b73526980;
    %load/vec4 v0x633b7353d3e0_0;
    %flag_set/vec4 8;
    %jmp/0xz  T_1.0, 8;
    %pushi/vec4 0, 0, 3;
    %assign/vec4 v0x633b7353d4a0_0, 0;
    %jmp T_1.1;
T_1.0 ;
    %load/vec4 v0x633b7353d1d0_0;
    %assign/vec4 v0x633b7353d4a0_0, 0;
    %load/vec4 v0x633b7353d740_0;
    %addi 1, 0, 4;
    %store/vec4 v0x633b7353d740_0, 0, 4;
T_1.1 ;
    %jmp T_1;
    .thread T_1;
    .scope S_0x633b734ed190;
T_2 ;
    %wait E_0x633b73526b00;
    %load/vec4 v0x633b7353d4a0_0;
    %dup/vec4;
    %pushi/vec4 0, 0, 3;
    %cmp/u;
    %jmp/1 T_2.0, 6;
    %dup/vec4;
    %pushi/vec4 1, 0, 3;
    %cmp/u;
    %jmp/1 T_2.1, 6;
    %dup/vec4;
    %pushi/vec4 2, 0, 3;
    %cmp/u;
    %jmp/1 T_2.2, 6;
    %jmp T_2.3;
T_2.0 ;
    %pushi/vec4 1, 0, 3;
    %store/vec4 v0x633b7353d1d0_0, 0, 3;
    %jmp T_2.3;
T_2.1 ;
    %load/vec4 v0x633b7353d030_0;
    %store/vec4 v0x633b7353d110_0, 0, 256;
    %jmp T_2.3;
T_2.2 ;
    %load/vec4 v0x633b7353d740_0;
    %cmpi/e 4, 0, 4;
    %jmp/0xz  T_2.4, 4;
    %load/vec4 v0x633b7353d110_0;
    %parti/s 128, 0, 2;
    %store/vec4 v0x633b7353d2b0_0, 0, 128;
T_2.4 ;
    %load/vec4 v0x633b7353d740_0;
    %cmpi/e 8, 0, 4;
    %jmp/0xz  T_2.6, 4;
    %load/vec4 v0x633b7353d110_0;
    %parti/s 128, 128, 9;
    %store/vec4 v0x633b7353d2b0_0, 0, 128;
    %load/vec4 v0x633b7353d110_0;
    %parti/s 32, 224, 9;
    %store/vec4 v0x633b7353d660_0, 0, 32;
    %jmp T_2.7;
T_2.6 ;
    %load/vec4 v0x633b7353d740_0;
    %pad/u 32;
    %pushi/vec4 8, 0, 32;
    %mod;
    %cmpi/e 0, 0, 32;
    %jmp/0xz  T_2.8, 4;
    %load/vec4 v0x633b7353d660_0;
    %parti/s 24, 0, 2;
    %load/vec4 v0x633b7353d660_0;
    %parti/s 8, 24, 6;
    %concat/vec4; draw_concat_vec4
    %store/vec4 v0x633b7353d580_0, 0, 32;
T_2.8 ;
T_2.7 ;
    %jmp T_2.3;
T_2.3 ;
    %pop/vec4 1;
    %jmp T_2;
    .thread T_2, $push;
# The file index is used to find the file name in the following table.
:file_names 3;
    "N/A";
    "<interactive>";
    "key_expansion.v";
