#! /usr/bin/vvp
:ivl_version "12.0 (stable)";
:ivl_delay_selection "TYPICAL";
:vpi_time_precision + 0;
:vpi_module "/usr/lib/x86_64-linux-gnu/ivl/system.vpi";
:vpi_module "/usr/lib/x86_64-linux-gnu/ivl/vhdl_sys.vpi";
:vpi_module "/usr/lib/x86_64-linux-gnu/ivl/vhdl_textio.vpi";
:vpi_module "/usr/lib/x86_64-linux-gnu/ivl/v2005_math.vpi";
:vpi_module "/usr/lib/x86_64-linux-gnu/ivl/va_math.vpi";
S_0x613e7e02f630 .scope module, "updatedkeyexpansion_tb" "updatedkeyexpansion_tb" 2 1;
 .timescale 0 0;
v0x613e7e07cc80_0 .var "clk", 0 0;
v0x613e7e07cd40_0 .var "key", 255 0;
v0x613e7e07cde0_0 .net "out_key", 127 0, v0x613e7e07b3a0_0;  1 drivers
v0x613e7e07ce80_0 .var "rst", 0 0;
S_0x613e7e02f7c0 .scope module, "uut" "updatedkeyexpansion" 2 10, 3 1 0, S_0x613e7e02f630;
 .timescale 0 0;
    .port_info 0 /INPUT 256 "key";
    .port_info 1 /INPUT 1 "clk";
    .port_info 2 /INPUT 1 "rst";
    .port_info 3 /OUTPUT 128 "out_key";
P_0x613e7df9b0f0 .param/l "DONE" 1 3 27, C4<1011>;
P_0x613e7df9b130 .param/l "EXPANSION_1" 1 3 19, C4<0011>;
P_0x613e7df9b170 .param/l "EXPANSION_2" 1 3 20, C4<0100>;
P_0x613e7df9b1b0 .param/l "EXPANSION_3" 1 3 21, C4<0101>;
P_0x613e7df9b1f0 .param/l "EXPANSION_4" 1 3 22, C4<0110>;
P_0x613e7df9b230 .param/l "IDLE" 1 3 17, C4<0001>;
P_0x613e7df9b270 .param/l "RC_CON" 1 3 25, C4<1001>;
P_0x613e7df9b2b0 .param/l "ROT_BYTE" 1 3 23, C4<0111>;
P_0x613e7df9b2f0 .param/l "START" 1 3 18, C4<0010>;
P_0x613e7df9b330 .param/l "SUB_BYTE" 1 3 24, C4<1000>;
P_0x613e7df9b370 .param/l "XOR" 1 3 26, C4<1010>;
v0x613e7e02f950_0 .net "clk", 0 0, v0x613e7e07cc80_0;  1 drivers
v0x613e7e07ad50_0 .var "expansion1", 127 0;
v0x613e7e07ae30_0 .var "expansion2", 127 0;
v0x613e7e07aef0_0 .var "expansion3", 127 0;
v0x613e7e07afd0_0 .var "expansion4", 127 0;
v0x613e7e07b100_0 .net "key", 255 0, v0x613e7e07cd40_0;  1 drivers
v0x613e7e07b1e0_0 .var "key_in", 255 0;
v0x613e7e07b2c0_0 .var "nextstate", 4 0;
v0x613e7e07b3a0_0 .var "out_key", 127 0;
v0x613e7e07b480_0 .var "rot", 31 0;
v0x613e7e07b560_0 .var "round10_result", 127 0;
v0x613e7e07b640_0 .var "round11_result", 127 0;
v0x613e7e07b720_0 .var "round12_result", 127 0;
v0x613e7e07b800_0 .var "round13_result", 127 0;
v0x613e7e07b8e0_0 .var "round14_result", 127 0;
v0x613e7e07b9c0_0 .var "round15_result", 127 0;
v0x613e7e07baa0_0 .var "round1_result", 127 0;
v0x613e7e07bb80_0 .var "round2_result", 127 0;
v0x613e7e07bc60_0 .var "round3_result", 127 0;
v0x613e7e07bd40_0 .var "round4_result", 127 0;
v0x613e7e07be20_0 .var "round5_result", 127 0;
v0x613e7e07bf00_0 .var "round6_result", 127 0;
v0x613e7e07bfe0_0 .var "round7_result", 127 0;
v0x613e7e07c0c0_0 .var "round8_result", 127 0;
v0x613e7e07c1a0_0 .var "round9_result", 127 0;
v0x613e7e07c280_0 .var "round_constant", 31 0;
v0x613e7e07c360_0 .var "rounds_counter", 3 0;
v0x613e7e07c440_0 .net "rst", 0 0, v0x613e7e07ce80_0;  1 drivers
v0x613e7e07c500_0 .var "second_subcounter", 1 0;
v0x613e7e07c5e0_0 .var "state", 4 0;
v0x613e7e07c6c0_0 .var "sub", 31 0;
v0x613e7e07c7a0_0 .var "sub_counter", 1 0;
v0x613e7e07c880_0 .var "sub_roundcounter", 3 0;
v0x613e7e07c960_0 .var "temp", 31 0;
v0x613e7e07ca40_0 .var "temp2", 31 0;
v0x613e7e07cb20_0 .var "word_counter", 3 0;
E_0x613e7dfd7890/0 .event anyedge, v0x613e7e07c7a0_0, v0x613e7e07c5e0_0, v0x613e7e07b100_0, v0x613e7e07c880_0;
E_0x613e7dfd7890/1 .event anyedge, v0x613e7e07c360_0, v0x613e7e07b1e0_0, v0x613e7e07ad50_0, v0x613e7e07baa0_0;
E_0x613e7dfd7890/2 .event anyedge, v0x613e7e07bc60_0, v0x613e7e07ca40_0, v0x613e7e07be20_0, v0x613e7e07bfe0_0;
E_0x613e7dfd7890/3 .event anyedge, v0x613e7e07c1a0_0, v0x613e7e07b640_0, v0x613e7e07b800_0, v0x613e7e07ae30_0;
E_0x613e7dfd7890/4 .event anyedge, v0x613e7e07bb80_0, v0x613e7e07bd40_0, v0x613e7e07bf00_0, v0x613e7e07c0c0_0;
E_0x613e7dfd7890/5 .event anyedge, v0x613e7e07b560_0, v0x613e7e07b720_0, v0x613e7e07b8e0_0, v0x613e7e07c960_0;
E_0x613e7dfd7890/6 .event anyedge, v0x613e7e07b480_0, v0x613e7e07c6c0_0, v0x613e7e07cb20_0, v0x613e7e07c280_0;
E_0x613e7dfd7890/7 .event anyedge, v0x613e7e07aef0_0, v0x613e7e07afd0_0;
E_0x613e7dfd7890 .event/or E_0x613e7dfd7890/0, E_0x613e7dfd7890/1, E_0x613e7dfd7890/2, E_0x613e7dfd7890/3, E_0x613e7dfd7890/4, E_0x613e7dfd7890/5, E_0x613e7dfd7890/6, E_0x613e7dfd7890/7;
E_0x613e7dfd4790 .event posedge, v0x613e7e02f950_0;
    .scope S_0x613e7e02f7c0;
T_0 ;
    %pushi/vec4 0, 0, 128;
    %store/vec4 v0x613e7e07b9c0_0, 0, 128;
    %pushi/vec4 0, 0, 32;
    %store/vec4 v0x613e7e07c280_0, 0, 32;
    %pushi/vec4 0, 0, 2;
    %store/vec4 v0x613e7e07c500_0, 0, 2;
    %pushi/vec4 0, 0, 5;
    %store/vec4 v0x613e7e07b2c0_0, 0, 5;
    %pushi/vec4 0, 0, 4;
    %store/vec4 v0x613e7e07c880_0, 0, 4;
    %pushi/vec4 0, 0, 4;
    %store/vec4 v0x613e7e07c360_0, 0, 4;
    %end;
    .thread T_0;
    .scope S_0x613e7e02f7c0;
T_1 ;
    %wait E_0x613e7dfd4790;
    %load/vec4 v0x613e7e07c440_0;
    %flag_set/vec4 8;
    %jmp/0xz  T_1.0, 8;
    %pushi/vec4 1, 0, 5;
    %assign/vec4 v0x613e7e07c5e0_0, 0;
    %pushi/vec4 0, 0, 4;
    %assign/vec4 v0x613e7e07cb20_0, 0;
    %pushi/vec4 0, 0, 2;
    %assign/vec4 v0x613e7e07c7a0_0, 0;
    %jmp T_1.1;
T_1.0 ;
    %load/vec4 v0x613e7e07b2c0_0;
    %assign/vec4 v0x613e7e07c5e0_0, 0;
    %load/vec4 v0x613e7e07cb20_0;
    %addi 1, 0, 4;
    %assign/vec4 v0x613e7e07cb20_0, 0;
    %load/vec4 v0x613e7e07c7a0_0;
    %addi 1, 0, 2;
    %assign/vec4 v0x613e7e07c7a0_0, 0;
T_1.1 ;
    %jmp T_1;
    .thread T_1;
    .scope S_0x613e7e02f7c0;
T_2 ;
    %wait E_0x613e7dfd7890;
    %load/vec4 v0x613e7e07c7a0_0;
    %store/vec4 v0x613e7e07c500_0, 0, 2;
    %load/vec4 v0x613e7e07c5e0_0;
    %dup/vec4;
    %pushi/vec4 1, 0, 5;
    %cmp/u;
    %jmp/1 T_2.0, 6;
    %dup/vec4;
    %pushi/vec4 2, 0, 5;
    %cmp/u;
    %jmp/1 T_2.1, 6;
    %dup/vec4;
    %pushi/vec4 3, 0, 5;
    %cmp/u;
    %jmp/1 T_2.2, 6;
    %dup/vec4;
    %pushi/vec4 4, 0, 5;
    %cmp/u;
    %jmp/1 T_2.3, 6;
    %dup/vec4;
    %pushi/vec4 7, 0, 5;
    %cmp/u;
    %jmp/1 T_2.4, 6;
    %dup/vec4;
    %pushi/vec4 8, 0, 5;
    %cmp/u;
    %jmp/1 T_2.5, 6;
    %dup/vec4;
    %pushi/vec4 9, 0, 5;
    %cmp/u;
    %jmp/1 T_2.6, 6;
    %dup/vec4;
    %pushi/vec4 5, 0, 5;
    %cmp/u;
    %jmp/1 T_2.7, 6;
    %dup/vec4;
    %pushi/vec4 6, 0, 5;
    %cmp/u;
    %jmp/1 T_2.8, 6;
    %jmp T_2.9;
T_2.0 ;
    %pushi/vec4 2, 0, 5;
    %store/vec4 v0x613e7e07b2c0_0, 0, 5;
    %jmp T_2.9;
T_2.1 ;
    %load/vec4 v0x613e7e07b100_0;
    %store/vec4 v0x613e7e07b1e0_0, 0, 256;
    %pushi/vec4 3, 0, 5;
    %store/vec4 v0x613e7e07b2c0_0, 0, 5;
    %jmp T_2.9;
T_2.2 ;
    %load/vec4 v0x613e7e07c880_0;
    %addi 1, 0, 4;
    %store/vec4 v0x613e7e07c880_0, 0, 4;
    %load/vec4 v0x613e7e07c360_0;
    %cmpi/e 0, 0, 4;
    %jmp/0xz  T_2.10, 4;
    %load/vec4 v0x613e7e07b1e0_0;
    %parti/s 128, 0, 2;
    %store/vec4 v0x613e7e07ad50_0, 0, 128;
    %load/vec4 v0x613e7e07ad50_0;
    %store/vec4 v0x613e7e07baa0_0, 0, 128;
    %load/vec4 v0x613e7e07baa0_0;
    %store/vec4 v0x613e7e07b3a0_0, 0, 128;
    %pushi/vec4 4, 0, 5;
    %store/vec4 v0x613e7e07b2c0_0, 0, 5;
    %jmp T_2.11;
T_2.10 ;
    %load/vec4 v0x613e7e07c880_0;
    %cmpi/e 5, 0, 4;
    %jmp/0xz  T_2.12, 4;
    %load/vec4 v0x613e7e07bc60_0;
    %parti/s 32, 0, 2;
    %load/vec4 v0x613e7e07ca40_0;
    %xor;
    %ix/load 4, 0, 0;
    %flag_set/imm 4, 0;
    %store/vec4 v0x613e7e07ad50_0, 4, 32;
    %load/vec4 v0x613e7e07bc60_0;
    %parti/s 32, 32, 7;
    %load/vec4 v0x613e7e07ad50_0;
    %parti/s 32, 0, 2;
    %xor;
    %ix/load 4, 32, 0;
    %flag_set/imm 4, 0;
    %store/vec4 v0x613e7e07ad50_0, 4, 32;
    %load/vec4 v0x613e7e07bc60_0;
    %parti/s 32, 64, 8;
    %load/vec4 v0x613e7e07ad50_0;
    %parti/s 32, 32, 7;
    %xor;
    %ix/load 4, 64, 0;
    %flag_set/imm 4, 0;
    %store/vec4 v0x613e7e07ad50_0, 4, 32;
    %load/vec4 v0x613e7e07bc60_0;
    %parti/s 32, 96, 8;
    %load/vec4 v0x613e7e07ad50_0;
    %parti/s 32, 64, 8;
    %xor;
    %ix/load 4, 96, 0;
    %flag_set/imm 4, 0;
    %store/vec4 v0x613e7e07ad50_0, 4, 32;
    %load/vec4 v0x613e7e07ad50_0;
    %store/vec4 v0x613e7e07be20_0, 0, 128;
    %load/vec4 v0x613e7e07be20_0;
    %parti/s 32, 96, 8;
    %store/vec4 v0x613e7e07b480_0, 0, 32;
    %pushi/vec4 0, 0, 2;
    %store/vec4 v0x613e7e07c500_0, 0, 2;
    %pushi/vec4 8, 0, 5;
    %store/vec4 v0x613e7e07b2c0_0, 0, 5;
T_2.12 ;
    %load/vec4 v0x613e7e07c880_0;
    %cmpi/e 9, 0, 4;
    %jmp/0xz  T_2.14, 4;
    %load/vec4 v0x613e7e07bfe0_0;
    %parti/s 32, 0, 2;
    %load/vec4 v0x613e7e07ca40_0;
    %xor;
    %ix/load 4, 0, 0;
    %flag_set/imm 4, 0;
    %store/vec4 v0x613e7e07ad50_0, 4, 32;
    %load/vec4 v0x613e7e07bfe0_0;
    %parti/s 32, 32, 7;
    %load/vec4 v0x613e7e07ad50_0;
    %parti/s 32, 0, 2;
    %xor;
    %ix/load 4, 32, 0;
    %flag_set/imm 4, 0;
    %store/vec4 v0x613e7e07ad50_0, 4, 32;
    %load/vec4 v0x613e7e07bfe0_0;
    %parti/s 32, 64, 8;
    %load/vec4 v0x613e7e07ad50_0;
    %parti/s 32, 32, 7;
    %xor;
    %ix/load 4, 64, 0;
    %flag_set/imm 4, 0;
    %store/vec4 v0x613e7e07ad50_0, 4, 32;
    %load/vec4 v0x613e7e07bfe0_0;
    %parti/s 32, 96, 8;
    %load/vec4 v0x613e7e07ad50_0;
    %parti/s 32, 64, 8;
    %xor;
    %ix/load 4, 96, 0;
    %flag_set/imm 4, 0;
    %store/vec4 v0x613e7e07ad50_0, 4, 32;
    %load/vec4 v0x613e7e07ad50_0;
    %store/vec4 v0x613e7e07c1a0_0, 0, 128;
    %load/vec4 v0x613e7e07c1a0_0;
    %parti/s 32, 96, 8;
    %store/vec4 v0x613e7e07b480_0, 0, 32;
    %pushi/vec4 0, 0, 2;
    %store/vec4 v0x613e7e07c500_0, 0, 2;
    %pushi/vec4 8, 0, 5;
    %store/vec4 v0x613e7e07b2c0_0, 0, 5;
T_2.14 ;
    %load/vec4 v0x613e7e07c880_0;
    %cmpi/e 13, 0, 4;
    %jmp/0xz  T_2.16, 4;
    %load/vec4 v0x613e7e07b640_0;
    %parti/s 32, 0, 2;
    %load/vec4 v0x613e7e07ca40_0;
    %xor;
    %ix/load 4, 0, 0;
    %flag_set/imm 4, 0;
    %store/vec4 v0x613e7e07ad50_0, 4, 32;
    %load/vec4 v0x613e7e07b640_0;
    %parti/s 32, 32, 7;
    %load/vec4 v0x613e7e07ad50_0;
    %parti/s 32, 0, 2;
    %xor;
    %ix/load 4, 32, 0;
    %flag_set/imm 4, 0;
    %store/vec4 v0x613e7e07ad50_0, 4, 32;
    %load/vec4 v0x613e7e07b640_0;
    %parti/s 32, 64, 8;
    %load/vec4 v0x613e7e07ad50_0;
    %parti/s 32, 32, 7;
    %xor;
    %ix/load 4, 64, 0;
    %flag_set/imm 4, 0;
    %store/vec4 v0x613e7e07ad50_0, 4, 32;
    %load/vec4 v0x613e7e07b640_0;
    %parti/s 32, 96, 8;
    %load/vec4 v0x613e7e07ad50_0;
    %parti/s 32, 64, 8;
    %xor;
    %ix/load 4, 96, 0;
    %flag_set/imm 4, 0;
    %store/vec4 v0x613e7e07ad50_0, 4, 32;
    %load/vec4 v0x613e7e07ad50_0;
    %store/vec4 v0x613e7e07b800_0, 0, 128;
    %load/vec4 v0x613e7e07b800_0;
    %parti/s 32, 96, 8;
    %store/vec4 v0x613e7e07b480_0, 0, 32;
    %pushi/vec4 0, 0, 2;
    %store/vec4 v0x613e7e07c500_0, 0, 2;
    %pushi/vec4 8, 0, 5;
    %store/vec4 v0x613e7e07b2c0_0, 0, 5;
T_2.16 ;
T_2.11 ;
    %jmp T_2.9;
T_2.3 ;
    %load/vec4 v0x613e7e07c880_0;
    %addi 1, 0, 4;
    %store/vec4 v0x613e7e07c880_0, 0, 4;
    %load/vec4 v0x613e7e07c880_0;
    %cmpi/e 2, 0, 4;
    %jmp/0xz  T_2.18, 4;
    %load/vec4 v0x613e7e07b1e0_0;
    %parti/s 129, 128, 9;
    %pad/u 128;
    %store/vec4 v0x613e7e07ae30_0, 0, 128;
    %load/vec4 v0x613e7e07ae30_0;
    %parti/s 32, 96, 8;
    %store/vec4 v0x613e7e07c960_0, 0, 32;
    %load/vec4 v0x613e7e07ae30_0;
    %store/vec4 v0x613e7e07bb80_0, 0, 128;
    %load/vec4 v0x613e7e07bb80_0;
    %store/vec4 v0x613e7e07b3a0_0, 0, 128;
T_2.18 ;
    %load/vec4 v0x613e7e07c880_0;
    %cmpi/e 6, 0, 4;
    %jmp/0xz  T_2.20, 4;
    %load/vec4 v0x613e7e07bd40_0;
    %parti/s 32, 0, 2;
    %load/vec4 v0x613e7e07ca40_0;
    %xor;
    %ix/load 4, 0, 0;
    %flag_set/imm 4, 0;
    %store/vec4 v0x613e7e07ae30_0, 4, 32;
    %load/vec4 v0x613e7e07bd40_0;
    %parti/s 32, 32, 7;
    %load/vec4 v0x613e7e07ae30_0;
    %parti/s 32, 0, 2;
    %xor;
    %ix/load 4, 32, 0;
    %flag_set/imm 4, 0;
    %store/vec4 v0x613e7e07ae30_0, 4, 32;
    %load/vec4 v0x613e7e07bd40_0;
    %parti/s 32, 64, 8;
    %load/vec4 v0x613e7e07ae30_0;
    %parti/s 32, 32, 7;
    %xor;
    %ix/load 4, 64, 0;
    %flag_set/imm 4, 0;
    %store/vec4 v0x613e7e07ae30_0, 4, 32;
    %load/vec4 v0x613e7e07bd40_0;
    %parti/s 32, 96, 8;
    %load/vec4 v0x613e7e07ae30_0;
    %parti/s 32, 64, 8;
    %xor;
    %ix/load 4, 96, 0;
    %flag_set/imm 4, 0;
    %store/vec4 v0x613e7e07ae30_0, 4, 32;
    %load/vec4 v0x613e7e07ae30_0;
    %store/vec4 v0x613e7e07bf00_0, 0, 128;
    %load/vec4 v0x613e7e07bf00_0;
    %parti/s 32, 96, 8;
    %store/vec4 v0x613e7e07c960_0, 0, 32;
T_2.20 ;
    %load/vec4 v0x613e7e07c880_0;
    %cmpi/e 10, 0, 4;
    %jmp/0xz  T_2.22, 4;
    %load/vec4 v0x613e7e07c0c0_0;
    %parti/s 32, 0, 2;
    %load/vec4 v0x613e7e07ca40_0;
    %xor;
    %ix/load 4, 0, 0;
    %flag_set/imm 4, 0;
    %store/vec4 v0x613e7e07ae30_0, 4, 32;
    %load/vec4 v0x613e7e07c0c0_0;
    %parti/s 32, 32, 7;
    %load/vec4 v0x613e7e07ae30_0;
    %parti/s 32, 0, 2;
    %xor;
    %ix/load 4, 32, 0;
    %flag_set/imm 4, 0;
    %store/vec4 v0x613e7e07ae30_0, 4, 32;
    %load/vec4 v0x613e7e07c0c0_0;
    %parti/s 32, 64, 8;
    %load/vec4 v0x613e7e07ae30_0;
    %parti/s 32, 32, 7;
    %xor;
    %ix/load 4, 64, 0;
    %flag_set/imm 4, 0;
    %store/vec4 v0x613e7e07ae30_0, 4, 32;
    %load/vec4 v0x613e7e07c0c0_0;
    %parti/s 32, 96, 8;
    %load/vec4 v0x613e7e07ae30_0;
    %parti/s 32, 64, 8;
    %xor;
    %ix/load 4, 96, 0;
    %flag_set/imm 4, 0;
    %store/vec4 v0x613e7e07ae30_0, 4, 32;
    %load/vec4 v0x613e7e07ae30_0;
    %store/vec4 v0x613e7e07b560_0, 0, 128;
    %load/vec4 v0x613e7e07b560_0;
    %parti/s 32, 96, 8;
    %store/vec4 v0x613e7e07c960_0, 0, 32;
T_2.22 ;
    %load/vec4 v0x613e7e07c880_0;
    %cmpi/e 14, 0, 4;
    %jmp/0xz  T_2.24, 4;
    %load/vec4 v0x613e7e07b720_0;
    %parti/s 32, 0, 2;
    %load/vec4 v0x613e7e07ca40_0;
    %xor;
    %ix/load 4, 0, 0;
    %flag_set/imm 4, 0;
    %store/vec4 v0x613e7e07ae30_0, 4, 32;
    %load/vec4 v0x613e7e07b720_0;
    %parti/s 32, 32, 7;
    %load/vec4 v0x613e7e07ae30_0;
    %parti/s 32, 0, 2;
    %xor;
    %ix/load 4, 32, 0;
    %flag_set/imm 4, 0;
    %store/vec4 v0x613e7e07ae30_0, 4, 32;
    %load/vec4 v0x613e7e07b720_0;
    %parti/s 32, 64, 8;
    %load/vec4 v0x613e7e07ae30_0;
    %parti/s 32, 32, 7;
    %xor;
    %ix/load 4, 64, 0;
    %flag_set/imm 4, 0;
    %store/vec4 v0x613e7e07ae30_0, 4, 32;
    %load/vec4 v0x613e7e07b720_0;
    %parti/s 32, 96, 8;
    %load/vec4 v0x613e7e07ae30_0;
    %parti/s 32, 64, 8;
    %xor;
    %ix/load 4, 96, 0;
    %flag_set/imm 4, 0;
    %store/vec4 v0x613e7e07ae30_0, 4, 32;
    %load/vec4 v0x613e7e07ae30_0;
    %store/vec4 v0x613e7e07b8e0_0, 0, 128;
    %load/vec4 v0x613e7e07b8e0_0;
    %parti/s 32, 96, 8;
    %store/vec4 v0x613e7e07c960_0, 0, 32;
T_2.24 ;
    %pushi/vec4 7, 0, 5;
    %store/vec4 v0x613e7e07b2c0_0, 0, 5;
    %jmp T_2.9;
T_2.4 ;
    %pushi/vec4 0, 0, 2;
    %store/vec4 v0x613e7e07c7a0_0, 0, 2;
    %load/vec4 v0x613e7e07c960_0;
    %parti/s 24, 0, 2;
    %load/vec4 v0x613e7e07c960_0;
    %parti/s 8, 24, 6;
    %concat/vec4; draw_concat_vec4
    %store/vec4 v0x613e7e07b480_0, 0, 32;
    %pushi/vec4 8, 0, 5;
    %store/vec4 v0x613e7e07b2c0_0, 0, 5;
    %jmp T_2.9;
T_2.5 ;
    %load/vec4 v0x613e7e07b480_0;
    %parti/s 8, 0, 2;
    %dup/vec4;
    %pushi/vec4 0, 0, 8;
    %cmp/u;
    %jmp/1 T_2.26, 6;
    %dup/vec4;
    %pushi/vec4 1, 0, 8;
    %cmp/u;
    %jmp/1 T_2.27, 6;
    %dup/vec4;
    %pushi/vec4 2, 0, 8;
    %cmp/u;
    %jmp/1 T_2.28, 6;
    %dup/vec4;
    %pushi/vec4 3, 0, 8;
    %cmp/u;
    %jmp/1 T_2.29, 6;
    %dup/vec4;
    %pushi/vec4 4, 0, 8;
    %cmp/u;
    %jmp/1 T_2.30, 6;
    %dup/vec4;
    %pushi/vec4 5, 0, 8;
    %cmp/u;
    %jmp/1 T_2.31, 6;
    %dup/vec4;
    %pushi/vec4 6, 0, 8;
    %cmp/u;
    %jmp/1 T_2.32, 6;
    %dup/vec4;
    %pushi/vec4 7, 0, 8;
    %cmp/u;
    %jmp/1 T_2.33, 6;
    %dup/vec4;
    %pushi/vec4 8, 0, 8;
    %cmp/u;
    %jmp/1 T_2.34, 6;
    %dup/vec4;
    %pushi/vec4 9, 0, 8;
    %cmp/u;
    %jmp/1 T_2.35, 6;
    %dup/vec4;
    %pushi/vec4 10, 0, 8;
    %cmp/u;
    %jmp/1 T_2.36, 6;
    %dup/vec4;
    %pushi/vec4 11, 0, 8;
    %cmp/u;
    %jmp/1 T_2.37, 6;
    %dup/vec4;
    %pushi/vec4 12, 0, 8;
    %cmp/u;
    %jmp/1 T_2.38, 6;
    %dup/vec4;
    %pushi/vec4 13, 0, 8;
    %cmp/u;
    %jmp/1 T_2.39, 6;
    %dup/vec4;
    %pushi/vec4 14, 0, 8;
    %cmp/u;
    %jmp/1 T_2.40, 6;
    %dup/vec4;
    %pushi/vec4 15, 0, 8;
    %cmp/u;
    %jmp/1 T_2.41, 6;
    %dup/vec4;
    %pushi/vec4 16, 0, 8;
    %cmp/u;
    %jmp/1 T_2.42, 6;
    %dup/vec4;
    %pushi/vec4 17, 0, 8;
    %cmp/u;
    %jmp/1 T_2.43, 6;
    %dup/vec4;
    %pushi/vec4 18, 0, 8;
    %cmp/u;
    %jmp/1 T_2.44, 6;
    %dup/vec4;
    %pushi/vec4 19, 0, 8;
    %cmp/u;
    %jmp/1 T_2.45, 6;
    %dup/vec4;
    %pushi/vec4 20, 0, 8;
    %cmp/u;
    %jmp/1 T_2.46, 6;
    %dup/vec4;
    %pushi/vec4 21, 0, 8;
    %cmp/u;
    %jmp/1 T_2.47, 6;
    %dup/vec4;
    %pushi/vec4 22, 0, 8;
    %cmp/u;
    %jmp/1 T_2.48, 6;
    %dup/vec4;
    %pushi/vec4 23, 0, 8;
    %cmp/u;
    %jmp/1 T_2.49, 6;
    %dup/vec4;
    %pushi/vec4 24, 0, 8;
    %cmp/u;
    %jmp/1 T_2.50, 6;
    %dup/vec4;
    %pushi/vec4 25, 0, 8;
    %cmp/u;
    %jmp/1 T_2.51, 6;
    %dup/vec4;
    %pushi/vec4 26, 0, 8;
    %cmp/u;
    %jmp/1 T_2.52, 6;
    %dup/vec4;
    %pushi/vec4 27, 0, 8;
    %cmp/u;
    %jmp/1 T_2.53, 6;
    %dup/vec4;
    %pushi/vec4 28, 0, 8;
    %cmp/u;
    %jmp/1 T_2.54, 6;
    %dup/vec4;
    %pushi/vec4 29, 0, 8;
    %cmp/u;
    %jmp/1 T_2.55, 6;
    %dup/vec4;
    %pushi/vec4 30, 0, 8;
    %cmp/u;
    %jmp/1 T_2.56, 6;
    %dup/vec4;
    %pushi/vec4 31, 0, 8;
    %cmp/u;
    %jmp/1 T_2.57, 6;
    %dup/vec4;
    %pushi/vec4 32, 0, 8;
    %cmp/u;
    %jmp/1 T_2.58, 6;
    %dup/vec4;
    %pushi/vec4 33, 0, 8;
    %cmp/u;
    %jmp/1 T_2.59, 6;
    %dup/vec4;
    %pushi/vec4 34, 0, 8;
    %cmp/u;
    %jmp/1 T_2.60, 6;
    %dup/vec4;
    %pushi/vec4 35, 0, 8;
    %cmp/u;
    %jmp/1 T_2.61, 6;
    %dup/vec4;
    %pushi/vec4 36, 0, 8;
    %cmp/u;
    %jmp/1 T_2.62, 6;
    %dup/vec4;
    %pushi/vec4 37, 0, 8;
    %cmp/u;
    %jmp/1 T_2.63, 6;
    %dup/vec4;
    %pushi/vec4 38, 0, 8;
    %cmp/u;
    %jmp/1 T_2.64, 6;
    %dup/vec4;
    %pushi/vec4 39, 0, 8;
    %cmp/u;
    %jmp/1 T_2.65, 6;
    %dup/vec4;
    %pushi/vec4 40, 0, 8;
    %cmp/u;
    %jmp/1 T_2.66, 6;
    %dup/vec4;
    %pushi/vec4 41, 0, 8;
    %cmp/u;
    %jmp/1 T_2.67, 6;
    %dup/vec4;
    %pushi/vec4 42, 0, 8;
    %cmp/u;
    %jmp/1 T_2.68, 6;
    %dup/vec4;
    %pushi/vec4 43, 0, 8;
    %cmp/u;
    %jmp/1 T_2.69, 6;
    %dup/vec4;
    %pushi/vec4 44, 0, 8;
    %cmp/u;
    %jmp/1 T_2.70, 6;
    %dup/vec4;
    %pushi/vec4 45, 0, 8;
    %cmp/u;
    %jmp/1 T_2.71, 6;
    %dup/vec4;
    %pushi/vec4 46, 0, 8;
    %cmp/u;
    %jmp/1 T_2.72, 6;
    %dup/vec4;
    %pushi/vec4 47, 0, 8;
    %cmp/u;
    %jmp/1 T_2.73, 6;
    %dup/vec4;
    %pushi/vec4 48, 0, 8;
    %cmp/u;
    %jmp/1 T_2.74, 6;
    %dup/vec4;
    %pushi/vec4 49, 0, 8;
    %cmp/u;
    %jmp/1 T_2.75, 6;
    %dup/vec4;
    %pushi/vec4 50, 0, 8;
    %cmp/u;
    %jmp/1 T_2.76, 6;
    %dup/vec4;
    %pushi/vec4 51, 0, 8;
    %cmp/u;
    %jmp/1 T_2.77, 6;
    %dup/vec4;
    %pushi/vec4 52, 0, 8;
    %cmp/u;
    %jmp/1 T_2.78, 6;
    %dup/vec4;
    %pushi/vec4 53, 0, 8;
    %cmp/u;
    %jmp/1 T_2.79, 6;
    %dup/vec4;
    %pushi/vec4 54, 0, 8;
    %cmp/u;
    %jmp/1 T_2.80, 6;
    %dup/vec4;
    %pushi/vec4 55, 0, 8;
    %cmp/u;
    %jmp/1 T_2.81, 6;
    %dup/vec4;
    %pushi/vec4 56, 0, 8;
    %cmp/u;
    %jmp/1 T_2.82, 6;
    %dup/vec4;
    %pushi/vec4 57, 0, 8;
    %cmp/u;
    %jmp/1 T_2.83, 6;
    %dup/vec4;
    %pushi/vec4 58, 0, 8;
    %cmp/u;
    %jmp/1 T_2.84, 6;
    %dup/vec4;
    %pushi/vec4 59, 0, 8;
    %cmp/u;
    %jmp/1 T_2.85, 6;
    %dup/vec4;
    %pushi/vec4 60, 0, 8;
    %cmp/u;
    %jmp/1 T_2.86, 6;
    %dup/vec4;
    %pushi/vec4 61, 0, 8;
    %cmp/u;
    %jmp/1 T_2.87, 6;
    %dup/vec4;
    %pushi/vec4 62, 0, 8;
    %cmp/u;
    %jmp/1 T_2.88, 6;
    %dup/vec4;
    %pushi/vec4 63, 0, 8;
    %cmp/u;
    %jmp/1 T_2.89, 6;
    %dup/vec4;
    %pushi/vec4 64, 0, 8;
    %cmp/u;
    %jmp/1 T_2.90, 6;
    %dup/vec4;
    %pushi/vec4 65, 0, 8;
    %cmp/u;
    %jmp/1 T_2.91, 6;
    %dup/vec4;
    %pushi/vec4 66, 0, 8;
    %cmp/u;
    %jmp/1 T_2.92, 6;
    %dup/vec4;
    %pushi/vec4 67, 0, 8;
    %cmp/u;
    %jmp/1 T_2.93, 6;
    %dup/vec4;
    %pushi/vec4 68, 0, 8;
    %cmp/u;
    %jmp/1 T_2.94, 6;
    %dup/vec4;
    %pushi/vec4 69, 0, 8;
    %cmp/u;
    %jmp/1 T_2.95, 6;
    %dup/vec4;
    %pushi/vec4 70, 0, 8;
    %cmp/u;
    %jmp/1 T_2.96, 6;
    %dup/vec4;
    %pushi/vec4 71, 0, 8;
    %cmp/u;
    %jmp/1 T_2.97, 6;
    %dup/vec4;
    %pushi/vec4 72, 0, 8;
    %cmp/u;
    %jmp/1 T_2.98, 6;
    %dup/vec4;
    %pushi/vec4 73, 0, 8;
    %cmp/u;
    %jmp/1 T_2.99, 6;
    %dup/vec4;
    %pushi/vec4 74, 0, 8;
    %cmp/u;
    %jmp/1 T_2.100, 6;
    %dup/vec4;
    %pushi/vec4 75, 0, 8;
    %cmp/u;
    %jmp/1 T_2.101, 6;
    %dup/vec4;
    %pushi/vec4 76, 0, 8;
    %cmp/u;
    %jmp/1 T_2.102, 6;
    %dup/vec4;
    %pushi/vec4 77, 0, 8;
    %cmp/u;
    %jmp/1 T_2.103, 6;
    %dup/vec4;
    %pushi/vec4 78, 0, 8;
    %cmp/u;
    %jmp/1 T_2.104, 6;
    %dup/vec4;
    %pushi/vec4 79, 0, 8;
    %cmp/u;
    %jmp/1 T_2.105, 6;
    %dup/vec4;
    %pushi/vec4 80, 0, 8;
    %cmp/u;
    %jmp/1 T_2.106, 6;
    %dup/vec4;
    %pushi/vec4 81, 0, 8;
    %cmp/u;
    %jmp/1 T_2.107, 6;
    %dup/vec4;
    %pushi/vec4 82, 0, 8;
    %cmp/u;
    %jmp/1 T_2.108, 6;
    %dup/vec4;
    %pushi/vec4 83, 0, 8;
    %cmp/u;
    %jmp/1 T_2.109, 6;
    %dup/vec4;
    %pushi/vec4 84, 0, 8;
    %cmp/u;
    %jmp/1 T_2.110, 6;
    %dup/vec4;
    %pushi/vec4 85, 0, 8;
    %cmp/u;
    %jmp/1 T_2.111, 6;
    %dup/vec4;
    %pushi/vec4 86, 0, 8;
    %cmp/u;
    %jmp/1 T_2.112, 6;
    %dup/vec4;
    %pushi/vec4 87, 0, 8;
    %cmp/u;
    %jmp/1 T_2.113, 6;
    %dup/vec4;
    %pushi/vec4 88, 0, 8;
    %cmp/u;
    %jmp/1 T_2.114, 6;
    %dup/vec4;
    %pushi/vec4 89, 0, 8;
    %cmp/u;
    %jmp/1 T_2.115, 6;
    %dup/vec4;
    %pushi/vec4 90, 0, 8;
    %cmp/u;
    %jmp/1 T_2.116, 6;
    %dup/vec4;
    %pushi/vec4 91, 0, 8;
    %cmp/u;
    %jmp/1 T_2.117, 6;
    %dup/vec4;
    %pushi/vec4 92, 0, 8;
    %cmp/u;
    %jmp/1 T_2.118, 6;
    %dup/vec4;
    %pushi/vec4 93, 0, 8;
    %cmp/u;
    %jmp/1 T_2.119, 6;
    %dup/vec4;
    %pushi/vec4 94, 0, 8;
    %cmp/u;
    %jmp/1 T_2.120, 6;
    %dup/vec4;
    %pushi/vec4 95, 0, 8;
    %cmp/u;
    %jmp/1 T_2.121, 6;
    %dup/vec4;
    %pushi/vec4 96, 0, 8;
    %cmp/u;
    %jmp/1 T_2.122, 6;
    %dup/vec4;
    %pushi/vec4 97, 0, 8;
    %cmp/u;
    %jmp/1 T_2.123, 6;
    %dup/vec4;
    %pushi/vec4 98, 0, 8;
    %cmp/u;
    %jmp/1 T_2.124, 6;
    %dup/vec4;
    %pushi/vec4 99, 0, 8;
    %cmp/u;
    %jmp/1 T_2.125, 6;
    %dup/vec4;
    %pushi/vec4 100, 0, 8;
    %cmp/u;
    %jmp/1 T_2.126, 6;
    %dup/vec4;
    %pushi/vec4 101, 0, 8;
    %cmp/u;
    %jmp/1 T_2.127, 6;
    %dup/vec4;
    %pushi/vec4 102, 0, 8;
    %cmp/u;
    %jmp/1 T_2.128, 6;
    %dup/vec4;
    %pushi/vec4 103, 0, 8;
    %cmp/u;
    %jmp/1 T_2.129, 6;
    %dup/vec4;
    %pushi/vec4 104, 0, 8;
    %cmp/u;
    %jmp/1 T_2.130, 6;
    %dup/vec4;
    %pushi/vec4 105, 0, 8;
    %cmp/u;
    %jmp/1 T_2.131, 6;
    %dup/vec4;
    %pushi/vec4 106, 0, 8;
    %cmp/u;
    %jmp/1 T_2.132, 6;
    %dup/vec4;
    %pushi/vec4 107, 0, 8;
    %cmp/u;
    %jmp/1 T_2.133, 6;
    %dup/vec4;
    %pushi/vec4 108, 0, 8;
    %cmp/u;
    %jmp/1 T_2.134, 6;
    %dup/vec4;
    %pushi/vec4 109, 0, 8;
    %cmp/u;
    %jmp/1 T_2.135, 6;
    %dup/vec4;
    %pushi/vec4 110, 0, 8;
    %cmp/u;
    %jmp/1 T_2.136, 6;
    %dup/vec4;
    %pushi/vec4 111, 0, 8;
    %cmp/u;
    %jmp/1 T_2.137, 6;
    %dup/vec4;
    %pushi/vec4 112, 0, 8;
    %cmp/u;
    %jmp/1 T_2.138, 6;
    %dup/vec4;
    %pushi/vec4 113, 0, 8;
    %cmp/u;
    %jmp/1 T_2.139, 6;
    %dup/vec4;
    %pushi/vec4 114, 0, 8;
    %cmp/u;
    %jmp/1 T_2.140, 6;
    %dup/vec4;
    %pushi/vec4 115, 0, 8;
    %cmp/u;
    %jmp/1 T_2.141, 6;
    %dup/vec4;
    %pushi/vec4 116, 0, 8;
    %cmp/u;
    %jmp/1 T_2.142, 6;
    %dup/vec4;
    %pushi/vec4 117, 0, 8;
    %cmp/u;
    %jmp/1 T_2.143, 6;
    %dup/vec4;
    %pushi/vec4 118, 0, 8;
    %cmp/u;
    %jmp/1 T_2.144, 6;
    %dup/vec4;
    %pushi/vec4 119, 0, 8;
    %cmp/u;
    %jmp/1 T_2.145, 6;
    %dup/vec4;
    %pushi/vec4 120, 0, 8;
    %cmp/u;
    %jmp/1 T_2.146, 6;
    %dup/vec4;
    %pushi/vec4 121, 0, 8;
    %cmp/u;
    %jmp/1 T_2.147, 6;
    %dup/vec4;
    %pushi/vec4 122, 0, 8;
    %cmp/u;
    %jmp/1 T_2.148, 6;
    %dup/vec4;
    %pushi/vec4 123, 0, 8;
    %cmp/u;
    %jmp/1 T_2.149, 6;
    %dup/vec4;
    %pushi/vec4 124, 0, 8;
    %cmp/u;
    %jmp/1 T_2.150, 6;
    %dup/vec4;
    %pushi/vec4 125, 0, 8;
    %cmp/u;
    %jmp/1 T_2.151, 6;
    %dup/vec4;
    %pushi/vec4 126, 0, 8;
    %cmp/u;
    %jmp/1 T_2.152, 6;
    %dup/vec4;
    %pushi/vec4 127, 0, 8;
    %cmp/u;
    %jmp/1 T_2.153, 6;
    %dup/vec4;
    %pushi/vec4 128, 0, 8;
    %cmp/u;
    %jmp/1 T_2.154, 6;
    %dup/vec4;
    %pushi/vec4 129, 0, 8;
    %cmp/u;
    %jmp/1 T_2.155, 6;
    %dup/vec4;
    %pushi/vec4 130, 0, 8;
    %cmp/u;
    %jmp/1 T_2.156, 6;
    %dup/vec4;
    %pushi/vec4 131, 0, 8;
    %cmp/u;
    %jmp/1 T_2.157, 6;
    %dup/vec4;
    %pushi/vec4 132, 0, 8;
    %cmp/u;
    %jmp/1 T_2.158, 6;
    %dup/vec4;
    %pushi/vec4 133, 0, 8;
    %cmp/u;
    %jmp/1 T_2.159, 6;
    %dup/vec4;
    %pushi/vec4 134, 0, 8;
    %cmp/u;
    %jmp/1 T_2.160, 6;
    %dup/vec4;
    %pushi/vec4 135, 0, 8;
    %cmp/u;
    %jmp/1 T_2.161, 6;
    %dup/vec4;
    %pushi/vec4 136, 0, 8;
    %cmp/u;
    %jmp/1 T_2.162, 6;
    %dup/vec4;
    %pushi/vec4 137, 0, 8;
    %cmp/u;
    %jmp/1 T_2.163, 6;
    %dup/vec4;
    %pushi/vec4 138, 0, 8;
    %cmp/u;
    %jmp/1 T_2.164, 6;
    %dup/vec4;
    %pushi/vec4 139, 0, 8;
    %cmp/u;
    %jmp/1 T_2.165, 6;
    %dup/vec4;
    %pushi/vec4 140, 0, 8;
    %cmp/u;
    %jmp/1 T_2.166, 6;
    %dup/vec4;
    %pushi/vec4 141, 0, 8;
    %cmp/u;
    %jmp/1 T_2.167, 6;
    %dup/vec4;
    %pushi/vec4 142, 0, 8;
    %cmp/u;
    %jmp/1 T_2.168, 6;
    %dup/vec4;
    %pushi/vec4 143, 0, 8;
    %cmp/u;
    %jmp/1 T_2.169, 6;
    %dup/vec4;
    %pushi/vec4 144, 0, 8;
    %cmp/u;
    %jmp/1 T_2.170, 6;
    %dup/vec4;
    %pushi/vec4 145, 0, 8;
    %cmp/u;
    %jmp/1 T_2.171, 6;
    %dup/vec4;
    %pushi/vec4 146, 0, 8;
    %cmp/u;
    %jmp/1 T_2.172, 6;
    %dup/vec4;
    %pushi/vec4 147, 0, 8;
    %cmp/u;
    %jmp/1 T_2.173, 6;
    %dup/vec4;
    %pushi/vec4 148, 0, 8;
    %cmp/u;
    %jmp/1 T_2.174, 6;
    %dup/vec4;
    %pushi/vec4 149, 0, 8;
    %cmp/u;
    %jmp/1 T_2.175, 6;
    %dup/vec4;
    %pushi/vec4 150, 0, 8;
    %cmp/u;
    %jmp/1 T_2.176, 6;
    %dup/vec4;
    %pushi/vec4 151, 0, 8;
    %cmp/u;
    %jmp/1 T_2.177, 6;
    %dup/vec4;
    %pushi/vec4 152, 0, 8;
    %cmp/u;
    %jmp/1 T_2.178, 6;
    %dup/vec4;
    %pushi/vec4 153, 0, 8;
    %cmp/u;
    %jmp/1 T_2.179, 6;
    %dup/vec4;
    %pushi/vec4 154, 0, 8;
    %cmp/u;
    %jmp/1 T_2.180, 6;
    %dup/vec4;
    %pushi/vec4 155, 0, 8;
    %cmp/u;
    %jmp/1 T_2.181, 6;
    %dup/vec4;
    %pushi/vec4 156, 0, 8;
    %cmp/u;
    %jmp/1 T_2.182, 6;
    %dup/vec4;
    %pushi/vec4 157, 0, 8;
    %cmp/u;
    %jmp/1 T_2.183, 6;
    %dup/vec4;
    %pushi/vec4 158, 0, 8;
    %cmp/u;
    %jmp/1 T_2.184, 6;
    %dup/vec4;
    %pushi/vec4 159, 0, 8;
    %cmp/u;
    %jmp/1 T_2.185, 6;
    %dup/vec4;
    %pushi/vec4 160, 0, 8;
    %cmp/u;
    %jmp/1 T_2.186, 6;
    %dup/vec4;
    %pushi/vec4 161, 0, 8;
    %cmp/u;
    %jmp/1 T_2.187, 6;
    %dup/vec4;
    %pushi/vec4 162, 0, 8;
    %cmp/u;
    %jmp/1 T_2.188, 6;
    %dup/vec4;
    %pushi/vec4 163, 0, 8;
    %cmp/u;
    %jmp/1 T_2.189, 6;
    %dup/vec4;
    %pushi/vec4 164, 0, 8;
    %cmp/u;
    %jmp/1 T_2.190, 6;
    %dup/vec4;
    %pushi/vec4 165, 0, 8;
    %cmp/u;
    %jmp/1 T_2.191, 6;
    %dup/vec4;
    %pushi/vec4 166, 0, 8;
    %cmp/u;
    %jmp/1 T_2.192, 6;
    %dup/vec4;
    %pushi/vec4 167, 0, 8;
    %cmp/u;
    %jmp/1 T_2.193, 6;
    %dup/vec4;
    %pushi/vec4 168, 0, 8;
    %cmp/u;
    %jmp/1 T_2.194, 6;
    %dup/vec4;
    %pushi/vec4 169, 0, 8;
    %cmp/u;
    %jmp/1 T_2.195, 6;
    %dup/vec4;
    %pushi/vec4 170, 0, 8;
    %cmp/u;
    %jmp/1 T_2.196, 6;
    %dup/vec4;
    %pushi/vec4 171, 0, 8;
    %cmp/u;
    %jmp/1 T_2.197, 6;
    %dup/vec4;
    %pushi/vec4 172, 0, 8;
    %cmp/u;
    %jmp/1 T_2.198, 6;
    %dup/vec4;
    %pushi/vec4 173, 0, 8;
    %cmp/u;
    %jmp/1 T_2.199, 6;
    %dup/vec4;
    %pushi/vec4 174, 0, 8;
    %cmp/u;
    %jmp/1 T_2.200, 6;
    %dup/vec4;
    %pushi/vec4 175, 0, 8;
    %cmp/u;
    %jmp/1 T_2.201, 6;
    %dup/vec4;
    %pushi/vec4 176, 0, 8;
    %cmp/u;
    %jmp/1 T_2.202, 6;
    %dup/vec4;
    %pushi/vec4 177, 0, 8;
    %cmp/u;
    %jmp/1 T_2.203, 6;
    %dup/vec4;
    %pushi/vec4 178, 0, 8;
    %cmp/u;
    %jmp/1 T_2.204, 6;
    %dup/vec4;
    %pushi/vec4 179, 0, 8;
    %cmp/u;
    %jmp/1 T_2.205, 6;
    %dup/vec4;
    %pushi/vec4 180, 0, 8;
    %cmp/u;
    %jmp/1 T_2.206, 6;
    %dup/vec4;
    %pushi/vec4 181, 0, 8;
    %cmp/u;
    %jmp/1 T_2.207, 6;
    %dup/vec4;
    %pushi/vec4 182, 0, 8;
    %cmp/u;
    %jmp/1 T_2.208, 6;
    %dup/vec4;
    %pushi/vec4 183, 0, 8;
    %cmp/u;
    %jmp/1 T_2.209, 6;
    %dup/vec4;
    %pushi/vec4 184, 0, 8;
    %cmp/u;
    %jmp/1 T_2.210, 6;
    %dup/vec4;
    %pushi/vec4 185, 0, 8;
    %cmp/u;
    %jmp/1 T_2.211, 6;
    %dup/vec4;
    %pushi/vec4 186, 0, 8;
    %cmp/u;
    %jmp/1 T_2.212, 6;
    %dup/vec4;
    %pushi/vec4 187, 0, 8;
    %cmp/u;
    %jmp/1 T_2.213, 6;
    %dup/vec4;
    %pushi/vec4 188, 0, 8;
    %cmp/u;
    %jmp/1 T_2.214, 6;
    %dup/vec4;
    %pushi/vec4 189, 0, 8;
    %cmp/u;
    %jmp/1 T_2.215, 6;
    %dup/vec4;
    %pushi/vec4 190, 0, 8;
    %cmp/u;
    %jmp/1 T_2.216, 6;
    %dup/vec4;
    %pushi/vec4 191, 0, 8;
    %cmp/u;
    %jmp/1 T_2.217, 6;
    %dup/vec4;
    %pushi/vec4 192, 0, 8;
    %cmp/u;
    %jmp/1 T_2.218, 6;
    %dup/vec4;
    %pushi/vec4 193, 0, 8;
    %cmp/u;
    %jmp/1 T_2.219, 6;
    %dup/vec4;
    %pushi/vec4 194, 0, 8;
    %cmp/u;
    %jmp/1 T_2.220, 6;
    %dup/vec4;
    %pushi/vec4 195, 0, 8;
    %cmp/u;
    %jmp/1 T_2.221, 6;
    %dup/vec4;
    %pushi/vec4 196, 0, 8;
    %cmp/u;
    %jmp/1 T_2.222, 6;
    %dup/vec4;
    %pushi/vec4 197, 0, 8;
    %cmp/u;
    %jmp/1 T_2.223, 6;
    %dup/vec4;
    %pushi/vec4 198, 0, 8;
    %cmp/u;
    %jmp/1 T_2.224, 6;
    %dup/vec4;
    %pushi/vec4 199, 0, 8;
    %cmp/u;
    %jmp/1 T_2.225, 6;
    %dup/vec4;
    %pushi/vec4 200, 0, 8;
    %cmp/u;
    %jmp/1 T_2.226, 6;
    %dup/vec4;
    %pushi/vec4 201, 0, 8;
    %cmp/u;
    %jmp/1 T_2.227, 6;
    %dup/vec4;
    %pushi/vec4 202, 0, 8;
    %cmp/u;
    %jmp/1 T_2.228, 6;
    %dup/vec4;
    %pushi/vec4 203, 0, 8;
    %cmp/u;
    %jmp/1 T_2.229, 6;
    %dup/vec4;
    %pushi/vec4 204, 0, 8;
    %cmp/u;
    %jmp/1 T_2.230, 6;
    %dup/vec4;
    %pushi/vec4 205, 0, 8;
    %cmp/u;
    %jmp/1 T_2.231, 6;
    %dup/vec4;
    %pushi/vec4 206, 0, 8;
    %cmp/u;
    %jmp/1 T_2.232, 6;
    %dup/vec4;
    %pushi/vec4 207, 0, 8;
    %cmp/u;
    %jmp/1 T_2.233, 6;
    %dup/vec4;
    %pushi/vec4 208, 0, 8;
    %cmp/u;
    %jmp/1 T_2.234, 6;
    %dup/vec4;
    %pushi/vec4 209, 0, 8;
    %cmp/u;
    %jmp/1 T_2.235, 6;
    %dup/vec4;
    %pushi/vec4 210, 0, 8;
    %cmp/u;
    %jmp/1 T_2.236, 6;
    %dup/vec4;
    %pushi/vec4 211, 0, 8;
    %cmp/u;
    %jmp/1 T_2.237, 6;
    %dup/vec4;
    %pushi/vec4 212, 0, 8;
    %cmp/u;
    %jmp/1 T_2.238, 6;
    %dup/vec4;
    %pushi/vec4 213, 0, 8;
    %cmp/u;
    %jmp/1 T_2.239, 6;
    %dup/vec4;
    %pushi/vec4 214, 0, 8;
    %cmp/u;
    %jmp/1 T_2.240, 6;
    %dup/vec4;
    %pushi/vec4 215, 0, 8;
    %cmp/u;
    %jmp/1 T_2.241, 6;
    %dup/vec4;
    %pushi/vec4 216, 0, 8;
    %cmp/u;
    %jmp/1 T_2.242, 6;
    %dup/vec4;
    %pushi/vec4 217, 0, 8;
    %cmp/u;
    %jmp/1 T_2.243, 6;
    %dup/vec4;
    %pushi/vec4 218, 0, 8;
    %cmp/u;
    %jmp/1 T_2.244, 6;
    %dup/vec4;
    %pushi/vec4 219, 0, 8;
    %cmp/u;
    %jmp/1 T_2.245, 6;
    %dup/vec4;
    %pushi/vec4 220, 0, 8;
    %cmp/u;
    %jmp/1 T_2.246, 6;
    %dup/vec4;
    %pushi/vec4 221, 0, 8;
    %cmp/u;
    %jmp/1 T_2.247, 6;
    %dup/vec4;
    %pushi/vec4 222, 0, 8;
    %cmp/u;
    %jmp/1 T_2.248, 6;
    %dup/vec4;
    %pushi/vec4 223, 0, 8;
    %cmp/u;
    %jmp/1 T_2.249, 6;
    %dup/vec4;
    %pushi/vec4 224, 0, 8;
    %cmp/u;
    %jmp/1 T_2.250, 6;
    %dup/vec4;
    %pushi/vec4 225, 0, 8;
    %cmp/u;
    %jmp/1 T_2.251, 6;
    %dup/vec4;
    %pushi/vec4 226, 0, 8;
    %cmp/u;
    %jmp/1 T_2.252, 6;
    %dup/vec4;
    %pushi/vec4 227, 0, 8;
    %cmp/u;
    %jmp/1 T_2.253, 6;
    %dup/vec4;
    %pushi/vec4 228, 0, 8;
    %cmp/u;
    %jmp/1 T_2.254, 6;
    %dup/vec4;
    %pushi/vec4 229, 0, 8;
    %cmp/u;
    %jmp/1 T_2.255, 6;
    %dup/vec4;
    %pushi/vec4 230, 0, 8;
    %cmp/u;
    %jmp/1 T_2.256, 6;
    %dup/vec4;
    %pushi/vec4 231, 0, 8;
    %cmp/u;
    %jmp/1 T_2.257, 6;
    %dup/vec4;
    %pushi/vec4 232, 0, 8;
    %cmp/u;
    %jmp/1 T_2.258, 6;
    %dup/vec4;
    %pushi/vec4 233, 0, 8;
    %cmp/u;
    %jmp/1 T_2.259, 6;
    %dup/vec4;
    %pushi/vec4 234, 0, 8;
    %cmp/u;
    %jmp/1 T_2.260, 6;
    %dup/vec4;
    %pushi/vec4 235, 0, 8;
    %cmp/u;
    %jmp/1 T_2.261, 6;
    %dup/vec4;
    %pushi/vec4 236, 0, 8;
    %cmp/u;
    %jmp/1 T_2.262, 6;
    %dup/vec4;
    %pushi/vec4 237, 0, 8;
    %cmp/u;
    %jmp/1 T_2.263, 6;
    %dup/vec4;
    %pushi/vec4 238, 0, 8;
    %cmp/u;
    %jmp/1 T_2.264, 6;
    %dup/vec4;
    %pushi/vec4 239, 0, 8;
    %cmp/u;
    %jmp/1 T_2.265, 6;
    %dup/vec4;
    %pushi/vec4 240, 0, 8;
    %cmp/u;
    %jmp/1 T_2.266, 6;
    %dup/vec4;
    %pushi/vec4 241, 0, 8;
    %cmp/u;
    %jmp/1 T_2.267, 6;
    %dup/vec4;
    %pushi/vec4 242, 0, 8;
    %cmp/u;
    %jmp/1 T_2.268, 6;
    %dup/vec4;
    %pushi/vec4 243, 0, 8;
    %cmp/u;
    %jmp/1 T_2.269, 6;
    %dup/vec4;
    %pushi/vec4 244, 0, 8;
    %cmp/u;
    %jmp/1 T_2.270, 6;
    %dup/vec4;
    %pushi/vec4 245, 0, 8;
    %cmp/u;
    %jmp/1 T_2.271, 6;
    %dup/vec4;
    %pushi/vec4 246, 0, 8;
    %cmp/u;
    %jmp/1 T_2.272, 6;
    %dup/vec4;
    %pushi/vec4 247, 0, 8;
    %cmp/u;
    %jmp/1 T_2.273, 6;
    %dup/vec4;
    %pushi/vec4 248, 0, 8;
    %cmp/u;
    %jmp/1 T_2.274, 6;
    %dup/vec4;
    %pushi/vec4 249, 0, 8;
    %cmp/u;
    %jmp/1 T_2.275, 6;
    %dup/vec4;
    %pushi/vec4 250, 0, 8;
    %cmp/u;
    %jmp/1 T_2.276, 6;
    %dup/vec4;
    %pushi/vec4 251, 0, 8;
    %cmp/u;
    %jmp/1 T_2.277, 6;
    %dup/vec4;
    %pushi/vec4 252, 0, 8;
    %cmp/u;
    %jmp/1 T_2.278, 6;
    %dup/vec4;
    %pushi/vec4 253, 0, 8;
    %cmp/u;
    %jmp/1 T_2.279, 6;
    %dup/vec4;
    %pushi/vec4 254, 0, 8;
    %cmp/u;
    %jmp/1 T_2.280, 6;
    %dup/vec4;
    %pushi/vec4 255, 0, 8;
    %cmp/u;
    %jmp/1 T_2.281, 6;
    %jmp T_2.282;
T_2.26 ;
    %pushi/vec4 99, 0, 32;
    %store/vec4 v0x613e7e07c6c0_0, 0, 32;
    %jmp T_2.282;
T_2.27 ;
    %pushi/vec4 124, 0, 32;
    %store/vec4 v0x613e7e07c6c0_0, 0, 32;
    %jmp T_2.282;
T_2.28 ;
    %pushi/vec4 119, 0, 32;
    %store/vec4 v0x613e7e07c6c0_0, 0, 32;
    %jmp T_2.282;
T_2.29 ;
    %pushi/vec4 123, 0, 32;
    %store/vec4 v0x613e7e07c6c0_0, 0, 32;
    %jmp T_2.282;
T_2.30 ;
    %pushi/vec4 242, 0, 32;
    %store/vec4 v0x613e7e07c6c0_0, 0, 32;
    %jmp T_2.282;
T_2.31 ;
    %pushi/vec4 107, 0, 32;
    %store/vec4 v0x613e7e07c6c0_0, 0, 32;
    %jmp T_2.282;
T_2.32 ;
    %pushi/vec4 111, 0, 32;
    %store/vec4 v0x613e7e07c6c0_0, 0, 32;
    %jmp T_2.282;
T_2.33 ;
    %pushi/vec4 197, 0, 32;
    %store/vec4 v0x613e7e07c6c0_0, 0, 32;
    %jmp T_2.282;
T_2.34 ;
    %pushi/vec4 48, 0, 32;
    %store/vec4 v0x613e7e07c6c0_0, 0, 32;
    %jmp T_2.282;
T_2.35 ;
    %pushi/vec4 1, 0, 32;
    %store/vec4 v0x613e7e07c6c0_0, 0, 32;
    %jmp T_2.282;
T_2.36 ;
    %pushi/vec4 103, 0, 32;
    %store/vec4 v0x613e7e07c6c0_0, 0, 32;
    %jmp T_2.282;
T_2.37 ;
    %pushi/vec4 43, 0, 32;
    %store/vec4 v0x613e7e07c6c0_0, 0, 32;
    %jmp T_2.282;
T_2.38 ;
    %pushi/vec4 254, 0, 32;
    %store/vec4 v0x613e7e07c6c0_0, 0, 32;
    %jmp T_2.282;
T_2.39 ;
    %pushi/vec4 215, 0, 32;
    %store/vec4 v0x613e7e07c6c0_0, 0, 32;
    %jmp T_2.282;
T_2.40 ;
    %pushi/vec4 171, 0, 32;
    %store/vec4 v0x613e7e07c6c0_0, 0, 32;
    %jmp T_2.282;
T_2.41 ;
    %pushi/vec4 118, 0, 32;
    %store/vec4 v0x613e7e07c6c0_0, 0, 32;
    %jmp T_2.282;
T_2.42 ;
    %pushi/vec4 202, 0, 32;
    %store/vec4 v0x613e7e07c6c0_0, 0, 32;
    %jmp T_2.282;
T_2.43 ;
    %pushi/vec4 130, 0, 32;
    %store/vec4 v0x613e7e07c6c0_0, 0, 32;
    %jmp T_2.282;
T_2.44 ;
    %pushi/vec4 201, 0, 32;
    %store/vec4 v0x613e7e07c6c0_0, 0, 32;
    %jmp T_2.282;
T_2.45 ;
    %pushi/vec4 125, 0, 32;
    %store/vec4 v0x613e7e07c6c0_0, 0, 32;
    %jmp T_2.282;
T_2.46 ;
    %pushi/vec4 250, 0, 32;
    %store/vec4 v0x613e7e07c6c0_0, 0, 32;
    %jmp T_2.282;
T_2.47 ;
    %pushi/vec4 89, 0, 32;
    %store/vec4 v0x613e7e07c6c0_0, 0, 32;
    %jmp T_2.282;
T_2.48 ;
    %pushi/vec4 71, 0, 32;
    %store/vec4 v0x613e7e07c6c0_0, 0, 32;
    %jmp T_2.282;
T_2.49 ;
    %pushi/vec4 240, 0, 32;
    %store/vec4 v0x613e7e07c6c0_0, 0, 32;
    %jmp T_2.282;
T_2.50 ;
    %pushi/vec4 173, 0, 32;
    %store/vec4 v0x613e7e07c6c0_0, 0, 32;
    %jmp T_2.282;
T_2.51 ;
    %pushi/vec4 212, 0, 32;
    %store/vec4 v0x613e7e07c6c0_0, 0, 32;
    %jmp T_2.282;
T_2.52 ;
    %pushi/vec4 162, 0, 32;
    %store/vec4 v0x613e7e07c6c0_0, 0, 32;
    %jmp T_2.282;
T_2.53 ;
    %pushi/vec4 175, 0, 32;
    %store/vec4 v0x613e7e07c6c0_0, 0, 32;
    %jmp T_2.282;
T_2.54 ;
    %pushi/vec4 156, 0, 32;
    %store/vec4 v0x613e7e07c6c0_0, 0, 32;
    %jmp T_2.282;
T_2.55 ;
    %pushi/vec4 164, 0, 32;
    %store/vec4 v0x613e7e07c6c0_0, 0, 32;
    %jmp T_2.282;
T_2.56 ;
    %pushi/vec4 114, 0, 32;
    %store/vec4 v0x613e7e07c6c0_0, 0, 32;
    %jmp T_2.282;
T_2.57 ;
    %pushi/vec4 192, 0, 32;
    %store/vec4 v0x613e7e07c6c0_0, 0, 32;
    %jmp T_2.282;
T_2.58 ;
    %pushi/vec4 183, 0, 32;
    %store/vec4 v0x613e7e07c6c0_0, 0, 32;
    %jmp T_2.282;
T_2.59 ;
    %pushi/vec4 253, 0, 32;
    %store/vec4 v0x613e7e07c6c0_0, 0, 32;
    %jmp T_2.282;
T_2.60 ;
    %pushi/vec4 147, 0, 32;
    %store/vec4 v0x613e7e07c6c0_0, 0, 32;
    %jmp T_2.282;
T_2.61 ;
    %pushi/vec4 38, 0, 32;
    %store/vec4 v0x613e7e07c6c0_0, 0, 32;
    %jmp T_2.282;
T_2.62 ;
    %pushi/vec4 54, 0, 32;
    %store/vec4 v0x613e7e07c6c0_0, 0, 32;
    %jmp T_2.282;
T_2.63 ;
    %pushi/vec4 63, 0, 32;
    %store/vec4 v0x613e7e07c6c0_0, 0, 32;
    %jmp T_2.282;
T_2.64 ;
    %pushi/vec4 247, 0, 32;
    %store/vec4 v0x613e7e07c6c0_0, 0, 32;
    %jmp T_2.282;
T_2.65 ;
    %pushi/vec4 204, 0, 32;
    %store/vec4 v0x613e7e07c6c0_0, 0, 32;
    %jmp T_2.282;
T_2.66 ;
    %pushi/vec4 52, 0, 32;
    %store/vec4 v0x613e7e07c6c0_0, 0, 32;
    %jmp T_2.282;
T_2.67 ;
    %pushi/vec4 165, 0, 32;
    %store/vec4 v0x613e7e07c6c0_0, 0, 32;
    %jmp T_2.282;
T_2.68 ;
    %pushi/vec4 229, 0, 32;
    %store/vec4 v0x613e7e07c6c0_0, 0, 32;
    %jmp T_2.282;
T_2.69 ;
    %pushi/vec4 241, 0, 32;
    %store/vec4 v0x613e7e07c6c0_0, 0, 32;
    %jmp T_2.282;
T_2.70 ;
    %pushi/vec4 113, 0, 32;
    %store/vec4 v0x613e7e07c6c0_0, 0, 32;
    %jmp T_2.282;
T_2.71 ;
    %pushi/vec4 216, 0, 32;
    %store/vec4 v0x613e7e07c6c0_0, 0, 32;
    %jmp T_2.282;
T_2.72 ;
    %pushi/vec4 49, 0, 32;
    %store/vec4 v0x613e7e07c6c0_0, 0, 32;
    %jmp T_2.282;
T_2.73 ;
    %pushi/vec4 21, 0, 32;
    %store/vec4 v0x613e7e07c6c0_0, 0, 32;
    %jmp T_2.282;
T_2.74 ;
    %pushi/vec4 4, 0, 32;
    %store/vec4 v0x613e7e07c6c0_0, 0, 32;
    %jmp T_2.282;
T_2.75 ;
    %pushi/vec4 199, 0, 32;
    %store/vec4 v0x613e7e07c6c0_0, 0, 32;
    %jmp T_2.282;
T_2.76 ;
    %pushi/vec4 35, 0, 32;
    %store/vec4 v0x613e7e07c6c0_0, 0, 32;
    %jmp T_2.282;
T_2.77 ;
    %pushi/vec4 195, 0, 32;
    %store/vec4 v0x613e7e07c6c0_0, 0, 32;
    %jmp T_2.282;
T_2.78 ;
    %pushi/vec4 24, 0, 32;
    %store/vec4 v0x613e7e07c6c0_0, 0, 32;
    %jmp T_2.282;
T_2.79 ;
    %pushi/vec4 150, 0, 32;
    %store/vec4 v0x613e7e07c6c0_0, 0, 32;
    %jmp T_2.282;
T_2.80 ;
    %pushi/vec4 5, 0, 32;
    %store/vec4 v0x613e7e07c6c0_0, 0, 32;
    %jmp T_2.282;
T_2.81 ;
    %pushi/vec4 154, 0, 32;
    %store/vec4 v0x613e7e07c6c0_0, 0, 32;
    %jmp T_2.282;
T_2.82 ;
    %pushi/vec4 7, 0, 32;
    %store/vec4 v0x613e7e07c6c0_0, 0, 32;
    %jmp T_2.282;
T_2.83 ;
    %pushi/vec4 18, 0, 32;
    %store/vec4 v0x613e7e07c6c0_0, 0, 32;
    %jmp T_2.282;
T_2.84 ;
    %pushi/vec4 128, 0, 32;
    %store/vec4 v0x613e7e07c6c0_0, 0, 32;
    %jmp T_2.282;
T_2.85 ;
    %pushi/vec4 226, 0, 32;
    %store/vec4 v0x613e7e07c6c0_0, 0, 32;
    %jmp T_2.282;
T_2.86 ;
    %pushi/vec4 235, 0, 32;
    %store/vec4 v0x613e7e07c6c0_0, 0, 32;
    %jmp T_2.282;
T_2.87 ;
    %pushi/vec4 39, 0, 32;
    %store/vec4 v0x613e7e07c6c0_0, 0, 32;
    %jmp T_2.282;
T_2.88 ;
    %pushi/vec4 178, 0, 32;
    %store/vec4 v0x613e7e07c6c0_0, 0, 32;
    %jmp T_2.282;
T_2.89 ;
    %pushi/vec4 117, 0, 32;
    %store/vec4 v0x613e7e07c6c0_0, 0, 32;
    %jmp T_2.282;
T_2.90 ;
    %pushi/vec4 9, 0, 32;
    %store/vec4 v0x613e7e07c6c0_0, 0, 32;
    %jmp T_2.282;
T_2.91 ;
    %pushi/vec4 131, 0, 32;
    %store/vec4 v0x613e7e07c6c0_0, 0, 32;
    %jmp T_2.282;
T_2.92 ;
    %pushi/vec4 44, 0, 32;
    %store/vec4 v0x613e7e07c6c0_0, 0, 32;
    %jmp T_2.282;
T_2.93 ;
    %pushi/vec4 26, 0, 32;
    %store/vec4 v0x613e7e07c6c0_0, 0, 32;
    %jmp T_2.282;
T_2.94 ;
    %pushi/vec4 27, 0, 32;
    %store/vec4 v0x613e7e07c6c0_0, 0, 32;
    %jmp T_2.282;
T_2.95 ;
    %pushi/vec4 110, 0, 32;
    %store/vec4 v0x613e7e07c6c0_0, 0, 32;
    %jmp T_2.282;
T_2.96 ;
    %pushi/vec4 90, 0, 32;
    %store/vec4 v0x613e7e07c6c0_0, 0, 32;
    %jmp T_2.282;
T_2.97 ;
    %pushi/vec4 160, 0, 32;
    %store/vec4 v0x613e7e07c6c0_0, 0, 32;
    %jmp T_2.282;
T_2.98 ;
    %pushi/vec4 82, 0, 32;
    %store/vec4 v0x613e7e07c6c0_0, 0, 32;
    %jmp T_2.282;
T_2.99 ;
    %pushi/vec4 59, 0, 32;
    %store/vec4 v0x613e7e07c6c0_0, 0, 32;
    %jmp T_2.282;
T_2.100 ;
    %pushi/vec4 214, 0, 32;
    %store/vec4 v0x613e7e07c6c0_0, 0, 32;
    %jmp T_2.282;
T_2.101 ;
    %pushi/vec4 179, 0, 32;
    %store/vec4 v0x613e7e07c6c0_0, 0, 32;
    %jmp T_2.282;
T_2.102 ;
    %pushi/vec4 41, 0, 32;
    %store/vec4 v0x613e7e07c6c0_0, 0, 32;
    %jmp T_2.282;
T_2.103 ;
    %pushi/vec4 227, 0, 32;
    %store/vec4 v0x613e7e07c6c0_0, 0, 32;
    %jmp T_2.282;
T_2.104 ;
    %pushi/vec4 47, 0, 32;
    %store/vec4 v0x613e7e07c6c0_0, 0, 32;
    %jmp T_2.282;
T_2.105 ;
    %pushi/vec4 132, 0, 32;
    %store/vec4 v0x613e7e07c6c0_0, 0, 32;
    %jmp T_2.282;
T_2.106 ;
    %pushi/vec4 83, 0, 32;
    %store/vec4 v0x613e7e07c6c0_0, 0, 32;
    %jmp T_2.282;
T_2.107 ;
    %pushi/vec4 209, 0, 32;
    %store/vec4 v0x613e7e07c6c0_0, 0, 32;
    %jmp T_2.282;
T_2.108 ;
    %pushi/vec4 0, 0, 32;
    %store/vec4 v0x613e7e07c6c0_0, 0, 32;
    %jmp T_2.282;
T_2.109 ;
    %pushi/vec4 237, 0, 32;
    %store/vec4 v0x613e7e07c6c0_0, 0, 32;
    %jmp T_2.282;
T_2.110 ;
    %pushi/vec4 32, 0, 32;
    %store/vec4 v0x613e7e07c6c0_0, 0, 32;
    %jmp T_2.282;
T_2.111 ;
    %pushi/vec4 252, 0, 32;
    %store/vec4 v0x613e7e07c6c0_0, 0, 32;
    %jmp T_2.282;
T_2.112 ;
    %pushi/vec4 177, 0, 32;
    %store/vec4 v0x613e7e07c6c0_0, 0, 32;
    %jmp T_2.282;
T_2.113 ;
    %pushi/vec4 91, 0, 32;
    %store/vec4 v0x613e7e07c6c0_0, 0, 32;
    %jmp T_2.282;
T_2.114 ;
    %pushi/vec4 106, 0, 32;
    %store/vec4 v0x613e7e07c6c0_0, 0, 32;
    %jmp T_2.282;
T_2.115 ;
    %pushi/vec4 203, 0, 32;
    %store/vec4 v0x613e7e07c6c0_0, 0, 32;
    %jmp T_2.282;
T_2.116 ;
    %pushi/vec4 190, 0, 32;
    %store/vec4 v0x613e7e07c6c0_0, 0, 32;
    %jmp T_2.282;
T_2.117 ;
    %pushi/vec4 57, 0, 32;
    %store/vec4 v0x613e7e07c6c0_0, 0, 32;
    %jmp T_2.282;
T_2.118 ;
    %pushi/vec4 74, 0, 32;
    %store/vec4 v0x613e7e07c6c0_0, 0, 32;
    %jmp T_2.282;
T_2.119 ;
    %pushi/vec4 76, 0, 32;
    %store/vec4 v0x613e7e07c6c0_0, 0, 32;
    %jmp T_2.282;
T_2.120 ;
    %pushi/vec4 88, 0, 32;
    %store/vec4 v0x613e7e07c6c0_0, 0, 32;
    %jmp T_2.282;
T_2.121 ;
    %pushi/vec4 207, 0, 32;
    %store/vec4 v0x613e7e07c6c0_0, 0, 32;
    %jmp T_2.282;
T_2.122 ;
    %pushi/vec4 208, 0, 32;
    %store/vec4 v0x613e7e07c6c0_0, 0, 32;
    %jmp T_2.282;
T_2.123 ;
    %pushi/vec4 239, 0, 32;
    %store/vec4 v0x613e7e07c6c0_0, 0, 32;
    %jmp T_2.282;
T_2.124 ;
    %pushi/vec4 170, 0, 32;
    %store/vec4 v0x613e7e07c6c0_0, 0, 32;
    %jmp T_2.282;
T_2.125 ;
    %pushi/vec4 251, 0, 32;
    %store/vec4 v0x613e7e07c6c0_0, 0, 32;
    %jmp T_2.282;
T_2.126 ;
    %pushi/vec4 67, 0, 32;
    %store/vec4 v0x613e7e07c6c0_0, 0, 32;
    %jmp T_2.282;
T_2.127 ;
    %pushi/vec4 77, 0, 32;
    %store/vec4 v0x613e7e07c6c0_0, 0, 32;
    %jmp T_2.282;
T_2.128 ;
    %pushi/vec4 51, 0, 32;
    %store/vec4 v0x613e7e07c6c0_0, 0, 32;
    %jmp T_2.282;
T_2.129 ;
    %pushi/vec4 133, 0, 32;
    %store/vec4 v0x613e7e07c6c0_0, 0, 32;
    %jmp T_2.282;
T_2.130 ;
    %pushi/vec4 69, 0, 32;
    %store/vec4 v0x613e7e07c6c0_0, 0, 32;
    %jmp T_2.282;
T_2.131 ;
    %pushi/vec4 249, 0, 32;
    %store/vec4 v0x613e7e07c6c0_0, 0, 32;
    %jmp T_2.282;
T_2.132 ;
    %pushi/vec4 2, 0, 32;
    %store/vec4 v0x613e7e07c6c0_0, 0, 32;
    %jmp T_2.282;
T_2.133 ;
    %pushi/vec4 127, 0, 32;
    %store/vec4 v0x613e7e07c6c0_0, 0, 32;
    %jmp T_2.282;
T_2.134 ;
    %pushi/vec4 80, 0, 32;
    %store/vec4 v0x613e7e07c6c0_0, 0, 32;
    %jmp T_2.282;
T_2.135 ;
    %pushi/vec4 60, 0, 32;
    %store/vec4 v0x613e7e07c6c0_0, 0, 32;
    %jmp T_2.282;
T_2.136 ;
    %pushi/vec4 159, 0, 32;
    %store/vec4 v0x613e7e07c6c0_0, 0, 32;
    %jmp T_2.282;
T_2.137 ;
    %pushi/vec4 168, 0, 32;
    %store/vec4 v0x613e7e07c6c0_0, 0, 32;
    %jmp T_2.282;
T_2.138 ;
    %pushi/vec4 81, 0, 32;
    %store/vec4 v0x613e7e07c6c0_0, 0, 32;
    %jmp T_2.282;
T_2.139 ;
    %pushi/vec4 163, 0, 32;
    %store/vec4 v0x613e7e07c6c0_0, 0, 32;
    %jmp T_2.282;
T_2.140 ;
    %pushi/vec4 64, 0, 32;
    %store/vec4 v0x613e7e07c6c0_0, 0, 32;
    %jmp T_2.282;
T_2.141 ;
    %pushi/vec4 143, 0, 32;
    %store/vec4 v0x613e7e07c6c0_0, 0, 32;
    %jmp T_2.282;
T_2.142 ;
    %pushi/vec4 146, 0, 32;
    %store/vec4 v0x613e7e07c6c0_0, 0, 32;
    %jmp T_2.282;
T_2.143 ;
    %pushi/vec4 157, 0, 32;
    %store/vec4 v0x613e7e07c6c0_0, 0, 32;
    %jmp T_2.282;
T_2.144 ;
    %pushi/vec4 56, 0, 32;
    %store/vec4 v0x613e7e07c6c0_0, 0, 32;
    %jmp T_2.282;
T_2.145 ;
    %pushi/vec4 245, 0, 32;
    %store/vec4 v0x613e7e07c6c0_0, 0, 32;
    %jmp T_2.282;
T_2.146 ;
    %pushi/vec4 188, 0, 32;
    %store/vec4 v0x613e7e07c6c0_0, 0, 32;
    %jmp T_2.282;
T_2.147 ;
    %pushi/vec4 182, 0, 32;
    %store/vec4 v0x613e7e07c6c0_0, 0, 32;
    %jmp T_2.282;
T_2.148 ;
    %pushi/vec4 218, 0, 32;
    %store/vec4 v0x613e7e07c6c0_0, 0, 32;
    %jmp T_2.282;
T_2.149 ;
    %pushi/vec4 33, 0, 32;
    %store/vec4 v0x613e7e07c6c0_0, 0, 32;
    %jmp T_2.282;
T_2.150 ;
    %pushi/vec4 16, 0, 32;
    %store/vec4 v0x613e7e07c6c0_0, 0, 32;
    %jmp T_2.282;
T_2.151 ;
    %pushi/vec4 255, 0, 32;
    %store/vec4 v0x613e7e07c6c0_0, 0, 32;
    %jmp T_2.282;
T_2.152 ;
    %pushi/vec4 243, 0, 32;
    %store/vec4 v0x613e7e07c6c0_0, 0, 32;
    %jmp T_2.282;
T_2.153 ;
    %pushi/vec4 210, 0, 32;
    %store/vec4 v0x613e7e07c6c0_0, 0, 32;
    %jmp T_2.282;
T_2.154 ;
    %pushi/vec4 205, 0, 32;
    %store/vec4 v0x613e7e07c6c0_0, 0, 32;
    %jmp T_2.282;
T_2.155 ;
    %pushi/vec4 12, 0, 32;
    %store/vec4 v0x613e7e07c6c0_0, 0, 32;
    %jmp T_2.282;
T_2.156 ;
    %pushi/vec4 19, 0, 32;
    %store/vec4 v0x613e7e07c6c0_0, 0, 32;
    %jmp T_2.282;
T_2.157 ;
    %pushi/vec4 236, 0, 32;
    %store/vec4 v0x613e7e07c6c0_0, 0, 32;
    %jmp T_2.282;
T_2.158 ;
    %pushi/vec4 95, 0, 32;
    %store/vec4 v0x613e7e07c6c0_0, 0, 32;
    %jmp T_2.282;
T_2.159 ;
    %pushi/vec4 151, 0, 32;
    %store/vec4 v0x613e7e07c6c0_0, 0, 32;
    %jmp T_2.282;
T_2.160 ;
    %pushi/vec4 68, 0, 32;
    %store/vec4 v0x613e7e07c6c0_0, 0, 32;
    %jmp T_2.282;
T_2.161 ;
    %pushi/vec4 23, 0, 32;
    %store/vec4 v0x613e7e07c6c0_0, 0, 32;
    %jmp T_2.282;
T_2.162 ;
    %pushi/vec4 196, 0, 32;
    %store/vec4 v0x613e7e07c6c0_0, 0, 32;
    %jmp T_2.282;
T_2.163 ;
    %pushi/vec4 167, 0, 32;
    %store/vec4 v0x613e7e07c6c0_0, 0, 32;
    %jmp T_2.282;
T_2.164 ;
    %pushi/vec4 126, 0, 32;
    %store/vec4 v0x613e7e07c6c0_0, 0, 32;
    %jmp T_2.282;
T_2.165 ;
    %pushi/vec4 61, 0, 32;
    %store/vec4 v0x613e7e07c6c0_0, 0, 32;
    %jmp T_2.282;
T_2.166 ;
    %pushi/vec4 100, 0, 32;
    %store/vec4 v0x613e7e07c6c0_0, 0, 32;
    %jmp T_2.282;
T_2.167 ;
    %pushi/vec4 93, 0, 32;
    %store/vec4 v0x613e7e07c6c0_0, 0, 32;
    %jmp T_2.282;
T_2.168 ;
    %pushi/vec4 25, 0, 32;
    %store/vec4 v0x613e7e07c6c0_0, 0, 32;
    %jmp T_2.282;
T_2.169 ;
    %pushi/vec4 115, 0, 32;
    %store/vec4 v0x613e7e07c6c0_0, 0, 32;
    %jmp T_2.282;
T_2.170 ;
    %pushi/vec4 96, 0, 32;
    %store/vec4 v0x613e7e07c6c0_0, 0, 32;
    %jmp T_2.282;
T_2.171 ;
    %pushi/vec4 129, 0, 32;
    %store/vec4 v0x613e7e07c6c0_0, 0, 32;
    %jmp T_2.282;
T_2.172 ;
    %pushi/vec4 79, 0, 32;
    %store/vec4 v0x613e7e07c6c0_0, 0, 32;
    %jmp T_2.282;
T_2.173 ;
    %pushi/vec4 220, 0, 32;
    %store/vec4 v0x613e7e07c6c0_0, 0, 32;
    %jmp T_2.282;
T_2.174 ;
    %pushi/vec4 34, 0, 32;
    %store/vec4 v0x613e7e07c6c0_0, 0, 32;
    %jmp T_2.282;
T_2.175 ;
    %pushi/vec4 42, 0, 32;
    %store/vec4 v0x613e7e07c6c0_0, 0, 32;
    %jmp T_2.282;
T_2.176 ;
    %pushi/vec4 144, 0, 32;
    %store/vec4 v0x613e7e07c6c0_0, 0, 32;
    %jmp T_2.282;
T_2.177 ;
    %pushi/vec4 136, 0, 32;
    %store/vec4 v0x613e7e07c6c0_0, 0, 32;
    %jmp T_2.282;
T_2.178 ;
    %pushi/vec4 70, 0, 32;
    %store/vec4 v0x613e7e07c6c0_0, 0, 32;
    %jmp T_2.282;
T_2.179 ;
    %pushi/vec4 238, 0, 32;
    %store/vec4 v0x613e7e07c6c0_0, 0, 32;
    %jmp T_2.282;
T_2.180 ;
    %pushi/vec4 184, 0, 32;
    %store/vec4 v0x613e7e07c6c0_0, 0, 32;
    %jmp T_2.282;
T_2.181 ;
    %pushi/vec4 20, 0, 32;
    %store/vec4 v0x613e7e07c6c0_0, 0, 32;
    %jmp T_2.282;
T_2.182 ;
    %pushi/vec4 222, 0, 32;
    %store/vec4 v0x613e7e07c6c0_0, 0, 32;
    %jmp T_2.282;
T_2.183 ;
    %pushi/vec4 94, 0, 32;
    %store/vec4 v0x613e7e07c6c0_0, 0, 32;
    %jmp T_2.282;
T_2.184 ;
    %pushi/vec4 11, 0, 32;
    %store/vec4 v0x613e7e07c6c0_0, 0, 32;
    %jmp T_2.282;
T_2.185 ;
    %pushi/vec4 219, 0, 32;
    %store/vec4 v0x613e7e07c6c0_0, 0, 32;
    %jmp T_2.282;
T_2.186 ;
    %pushi/vec4 224, 0, 32;
    %store/vec4 v0x613e7e07c6c0_0, 0, 32;
    %jmp T_2.282;
T_2.187 ;
    %pushi/vec4 50, 0, 32;
    %store/vec4 v0x613e7e07c6c0_0, 0, 32;
    %jmp T_2.282;
T_2.188 ;
    %pushi/vec4 58, 0, 32;
    %store/vec4 v0x613e7e07c6c0_0, 0, 32;
    %jmp T_2.282;
T_2.189 ;
    %pushi/vec4 10, 0, 32;
    %store/vec4 v0x613e7e07c6c0_0, 0, 32;
    %jmp T_2.282;
T_2.190 ;
    %pushi/vec4 73, 0, 32;
    %store/vec4 v0x613e7e07c6c0_0, 0, 32;
    %jmp T_2.282;
T_2.191 ;
    %pushi/vec4 6, 0, 32;
    %store/vec4 v0x613e7e07c6c0_0, 0, 32;
    %jmp T_2.282;
T_2.192 ;
    %pushi/vec4 36, 0, 32;
    %store/vec4 v0x613e7e07c6c0_0, 0, 32;
    %jmp T_2.282;
T_2.193 ;
    %pushi/vec4 92, 0, 32;
    %store/vec4 v0x613e7e07c6c0_0, 0, 32;
    %jmp T_2.282;
T_2.194 ;
    %pushi/vec4 194, 0, 32;
    %store/vec4 v0x613e7e07c6c0_0, 0, 32;
    %jmp T_2.282;
T_2.195 ;
    %pushi/vec4 211, 0, 32;
    %store/vec4 v0x613e7e07c6c0_0, 0, 32;
    %jmp T_2.282;
T_2.196 ;
    %pushi/vec4 172, 0, 32;
    %store/vec4 v0x613e7e07c6c0_0, 0, 32;
    %jmp T_2.282;
T_2.197 ;
    %pushi/vec4 98, 0, 32;
    %store/vec4 v0x613e7e07c6c0_0, 0, 32;
    %jmp T_2.282;
T_2.198 ;
    %pushi/vec4 145, 0, 32;
    %store/vec4 v0x613e7e07c6c0_0, 0, 32;
    %jmp T_2.282;
T_2.199 ;
    %pushi/vec4 149, 0, 32;
    %store/vec4 v0x613e7e07c6c0_0, 0, 32;
    %jmp T_2.282;
T_2.200 ;
    %pushi/vec4 228, 0, 32;
    %store/vec4 v0x613e7e07c6c0_0, 0, 32;
    %jmp T_2.282;
T_2.201 ;
    %pushi/vec4 121, 0, 32;
    %store/vec4 v0x613e7e07c6c0_0, 0, 32;
    %jmp T_2.282;
T_2.202 ;
    %pushi/vec4 231, 0, 32;
    %store/vec4 v0x613e7e07c6c0_0, 0, 32;
    %jmp T_2.282;
T_2.203 ;
    %pushi/vec4 200, 0, 32;
    %store/vec4 v0x613e7e07c6c0_0, 0, 32;
    %jmp T_2.282;
T_2.204 ;
    %pushi/vec4 55, 0, 32;
    %store/vec4 v0x613e7e07c6c0_0, 0, 32;
    %jmp T_2.282;
T_2.205 ;
    %pushi/vec4 109, 0, 32;
    %store/vec4 v0x613e7e07c6c0_0, 0, 32;
    %jmp T_2.282;
T_2.206 ;
    %pushi/vec4 141, 0, 32;
    %store/vec4 v0x613e7e07c6c0_0, 0, 32;
    %jmp T_2.282;
T_2.207 ;
    %pushi/vec4 213, 0, 32;
    %store/vec4 v0x613e7e07c6c0_0, 0, 32;
    %jmp T_2.282;
T_2.208 ;
    %pushi/vec4 78, 0, 32;
    %store/vec4 v0x613e7e07c6c0_0, 0, 32;
    %jmp T_2.282;
T_2.209 ;
    %pushi/vec4 169, 0, 32;
    %store/vec4 v0x613e7e07c6c0_0, 0, 32;
    %jmp T_2.282;
T_2.210 ;
    %pushi/vec4 108, 0, 32;
    %store/vec4 v0x613e7e07c6c0_0, 0, 32;
    %jmp T_2.282;
T_2.211 ;
    %pushi/vec4 86, 0, 32;
    %store/vec4 v0x613e7e07c6c0_0, 0, 32;
    %jmp T_2.282;
T_2.212 ;
    %pushi/vec4 244, 0, 32;
    %store/vec4 v0x613e7e07c6c0_0, 0, 32;
    %jmp T_2.282;
T_2.213 ;
    %pushi/vec4 234, 0, 32;
    %store/vec4 v0x613e7e07c6c0_0, 0, 32;
    %jmp T_2.282;
T_2.214 ;
    %pushi/vec4 101, 0, 32;
    %store/vec4 v0x613e7e07c6c0_0, 0, 32;
    %jmp T_2.282;
T_2.215 ;
    %pushi/vec4 122, 0, 32;
    %store/vec4 v0x613e7e07c6c0_0, 0, 32;
    %jmp T_2.282;
T_2.216 ;
    %pushi/vec4 174, 0, 32;
    %store/vec4 v0x613e7e07c6c0_0, 0, 32;
    %jmp T_2.282;
T_2.217 ;
    %pushi/vec4 8, 0, 32;
    %store/vec4 v0x613e7e07c6c0_0, 0, 32;
    %jmp T_2.282;
T_2.218 ;
    %pushi/vec4 186, 0, 32;
    %store/vec4 v0x613e7e07c6c0_0, 0, 32;
    %jmp T_2.282;
T_2.219 ;
    %pushi/vec4 120, 0, 32;
    %store/vec4 v0x613e7e07c6c0_0, 0, 32;
    %jmp T_2.282;
T_2.220 ;
    %pushi/vec4 37, 0, 32;
    %store/vec4 v0x613e7e07c6c0_0, 0, 32;
    %jmp T_2.282;
T_2.221 ;
    %pushi/vec4 46, 0, 32;
    %store/vec4 v0x613e7e07c6c0_0, 0, 32;
    %jmp T_2.282;
T_2.222 ;
    %pushi/vec4 28, 0, 32;
    %store/vec4 v0x613e7e07c6c0_0, 0, 32;
    %jmp T_2.282;
T_2.223 ;
    %pushi/vec4 166, 0, 32;
    %store/vec4 v0x613e7e07c6c0_0, 0, 32;
    %jmp T_2.282;
T_2.224 ;
    %pushi/vec4 180, 0, 32;
    %store/vec4 v0x613e7e07c6c0_0, 0, 32;
    %jmp T_2.282;
T_2.225 ;
    %pushi/vec4 198, 0, 32;
    %store/vec4 v0x613e7e07c6c0_0, 0, 32;
    %jmp T_2.282;
T_2.226 ;
    %pushi/vec4 232, 0, 32;
    %store/vec4 v0x613e7e07c6c0_0, 0, 32;
    %jmp T_2.282;
T_2.227 ;
    %pushi/vec4 221, 0, 32;
    %store/vec4 v0x613e7e07c6c0_0, 0, 32;
    %jmp T_2.282;
T_2.228 ;
    %pushi/vec4 116, 0, 32;
    %store/vec4 v0x613e7e07c6c0_0, 0, 32;
    %jmp T_2.282;
T_2.229 ;
    %pushi/vec4 31, 0, 32;
    %store/vec4 v0x613e7e07c6c0_0, 0, 32;
    %jmp T_2.282;
T_2.230 ;
    %pushi/vec4 75, 0, 32;
    %store/vec4 v0x613e7e07c6c0_0, 0, 32;
    %jmp T_2.282;
T_2.231 ;
    %pushi/vec4 189, 0, 32;
    %store/vec4 v0x613e7e07c6c0_0, 0, 32;
    %jmp T_2.282;
T_2.232 ;
    %pushi/vec4 139, 0, 32;
    %store/vec4 v0x613e7e07c6c0_0, 0, 32;
    %jmp T_2.282;
T_2.233 ;
    %pushi/vec4 138, 0, 32;
    %store/vec4 v0x613e7e07c6c0_0, 0, 32;
    %jmp T_2.282;
T_2.234 ;
    %pushi/vec4 112, 0, 32;
    %store/vec4 v0x613e7e07c6c0_0, 0, 32;
    %jmp T_2.282;
T_2.235 ;
    %pushi/vec4 62, 0, 32;
    %store/vec4 v0x613e7e07c6c0_0, 0, 32;
    %jmp T_2.282;
T_2.236 ;
    %pushi/vec4 181, 0, 32;
    %store/vec4 v0x613e7e07c6c0_0, 0, 32;
    %jmp T_2.282;
T_2.237 ;
    %pushi/vec4 102, 0, 32;
    %store/vec4 v0x613e7e07c6c0_0, 0, 32;
    %jmp T_2.282;
T_2.238 ;
    %pushi/vec4 72, 0, 32;
    %store/vec4 v0x613e7e07c6c0_0, 0, 32;
    %jmp T_2.282;
T_2.239 ;
    %pushi/vec4 3, 0, 32;
    %store/vec4 v0x613e7e07c6c0_0, 0, 32;
    %jmp T_2.282;
T_2.240 ;
    %pushi/vec4 246, 0, 32;
    %store/vec4 v0x613e7e07c6c0_0, 0, 32;
    %jmp T_2.282;
T_2.241 ;
    %pushi/vec4 14, 0, 32;
    %store/vec4 v0x613e7e07c6c0_0, 0, 32;
    %jmp T_2.282;
T_2.242 ;
    %pushi/vec4 97, 0, 32;
    %store/vec4 v0x613e7e07c6c0_0, 0, 32;
    %jmp T_2.282;
T_2.243 ;
    %pushi/vec4 53, 0, 32;
    %store/vec4 v0x613e7e07c6c0_0, 0, 32;
    %jmp T_2.282;
T_2.244 ;
    %pushi/vec4 87, 0, 32;
    %store/vec4 v0x613e7e07c6c0_0, 0, 32;
    %jmp T_2.282;
T_2.245 ;
    %pushi/vec4 185, 0, 32;
    %store/vec4 v0x613e7e07c6c0_0, 0, 32;
    %jmp T_2.282;
T_2.246 ;
    %pushi/vec4 134, 0, 32;
    %store/vec4 v0x613e7e07c6c0_0, 0, 32;
    %jmp T_2.282;
T_2.247 ;
    %pushi/vec4 193, 0, 32;
    %store/vec4 v0x613e7e07c6c0_0, 0, 32;
    %jmp T_2.282;
T_2.248 ;
    %pushi/vec4 29, 0, 32;
    %store/vec4 v0x613e7e07c6c0_0, 0, 32;
    %jmp T_2.282;
T_2.249 ;
    %pushi/vec4 158, 0, 32;
    %store/vec4 v0x613e7e07c6c0_0, 0, 32;
    %jmp T_2.282;
T_2.250 ;
    %pushi/vec4 225, 0, 32;
    %store/vec4 v0x613e7e07c6c0_0, 0, 32;
    %jmp T_2.282;
T_2.251 ;
    %pushi/vec4 248, 0, 32;
    %store/vec4 v0x613e7e07c6c0_0, 0, 32;
    %jmp T_2.282;
T_2.252 ;
    %pushi/vec4 152, 0, 32;
    %store/vec4 v0x613e7e07c6c0_0, 0, 32;
    %jmp T_2.282;
T_2.253 ;
    %pushi/vec4 17, 0, 32;
    %store/vec4 v0x613e7e07c6c0_0, 0, 32;
    %jmp T_2.282;
T_2.254 ;
    %pushi/vec4 105, 0, 32;
    %store/vec4 v0x613e7e07c6c0_0, 0, 32;
    %jmp T_2.282;
T_2.255 ;
    %pushi/vec4 217, 0, 32;
    %store/vec4 v0x613e7e07c6c0_0, 0, 32;
    %jmp T_2.282;
T_2.256 ;
    %pushi/vec4 142, 0, 32;
    %store/vec4 v0x613e7e07c6c0_0, 0, 32;
    %jmp T_2.282;
T_2.257 ;
    %pushi/vec4 148, 0, 32;
    %store/vec4 v0x613e7e07c6c0_0, 0, 32;
    %jmp T_2.282;
T_2.258 ;
    %pushi/vec4 155, 0, 32;
    %store/vec4 v0x613e7e07c6c0_0, 0, 32;
    %jmp T_2.282;
T_2.259 ;
    %pushi/vec4 30, 0, 32;
    %store/vec4 v0x613e7e07c6c0_0, 0, 32;
    %jmp T_2.282;
T_2.260 ;
    %pushi/vec4 135, 0, 32;
    %store/vec4 v0x613e7e07c6c0_0, 0, 32;
    %jmp T_2.282;
T_2.261 ;
    %pushi/vec4 233, 0, 32;
    %store/vec4 v0x613e7e07c6c0_0, 0, 32;
    %jmp T_2.282;
T_2.262 ;
    %pushi/vec4 206, 0, 32;
    %store/vec4 v0x613e7e07c6c0_0, 0, 32;
    %jmp T_2.282;
T_2.263 ;
    %pushi/vec4 85, 0, 32;
    %store/vec4 v0x613e7e07c6c0_0, 0, 32;
    %jmp T_2.282;
T_2.264 ;
    %pushi/vec4 40, 0, 32;
    %store/vec4 v0x613e7e07c6c0_0, 0, 32;
    %jmp T_2.282;
T_2.265 ;
    %pushi/vec4 223, 0, 32;
    %store/vec4 v0x613e7e07c6c0_0, 0, 32;
    %jmp T_2.282;
T_2.266 ;
    %pushi/vec4 140, 0, 32;
    %store/vec4 v0x613e7e07c6c0_0, 0, 32;
    %jmp T_2.282;
T_2.267 ;
    %pushi/vec4 161, 0, 32;
    %store/vec4 v0x613e7e07c6c0_0, 0, 32;
    %jmp T_2.282;
T_2.268 ;
    %pushi/vec4 137, 0, 32;
    %store/vec4 v0x613e7e07c6c0_0, 0, 32;
    %jmp T_2.282;
T_2.269 ;
    %pushi/vec4 13, 0, 32;
    %store/vec4 v0x613e7e07c6c0_0, 0, 32;
    %jmp T_2.282;
T_2.270 ;
    %pushi/vec4 191, 0, 32;
    %store/vec4 v0x613e7e07c6c0_0, 0, 32;
    %jmp T_2.282;
T_2.271 ;
    %pushi/vec4 230, 0, 32;
    %store/vec4 v0x613e7e07c6c0_0, 0, 32;
    %jmp T_2.282;
T_2.272 ;
    %pushi/vec4 66, 0, 32;
    %store/vec4 v0x613e7e07c6c0_0, 0, 32;
    %jmp T_2.282;
T_2.273 ;
    %pushi/vec4 104, 0, 32;
    %store/vec4 v0x613e7e07c6c0_0, 0, 32;
    %jmp T_2.282;
T_2.274 ;
    %pushi/vec4 65, 0, 32;
    %store/vec4 v0x613e7e07c6c0_0, 0, 32;
    %jmp T_2.282;
T_2.275 ;
    %pushi/vec4 153, 0, 32;
    %store/vec4 v0x613e7e07c6c0_0, 0, 32;
    %jmp T_2.282;
T_2.276 ;
    %pushi/vec4 45, 0, 32;
    %store/vec4 v0x613e7e07c6c0_0, 0, 32;
    %jmp T_2.282;
T_2.277 ;
    %pushi/vec4 15, 0, 32;
    %store/vec4 v0x613e7e07c6c0_0, 0, 32;
    %jmp T_2.282;
T_2.278 ;
    %pushi/vec4 176, 0, 32;
    %store/vec4 v0x613e7e07c6c0_0, 0, 32;
    %jmp T_2.282;
T_2.279 ;
    %pushi/vec4 84, 0, 32;
    %store/vec4 v0x613e7e07c6c0_0, 0, 32;
    %jmp T_2.282;
T_2.280 ;
    %pushi/vec4 187, 0, 32;
    %store/vec4 v0x613e7e07c6c0_0, 0, 32;
    %jmp T_2.282;
T_2.281 ;
    %pushi/vec4 22, 0, 32;
    %store/vec4 v0x613e7e07c6c0_0, 0, 32;
    %jmp T_2.282;
T_2.282 ;
    %pop/vec4 1;
    %load/vec4 v0x613e7e07b480_0;
    %ix/load 4, 8, 0;
    %flag_set/imm 4, 0;
    %shiftr 4;
    %store/vec4 v0x613e7e07b480_0, 0, 32;
    %load/vec4 v0x613e7e07c6c0_0;
    %parti/s 8, 0, 2;
    %load/vec4 v0x613e7e07ca40_0;
    %parti/s 24, 8, 5;
    %concat/vec4; draw_concat_vec4
    %store/vec4 v0x613e7e07ca40_0, 0, 32;
    %load/vec4 v0x613e7e07c960_0;
    %ix/load 4, 8, 0;
    %flag_set/imm 4, 0;
    %shiftl 4;
    %store/vec4 v0x613e7e07c960_0, 0, 32;
    %load/vec4 v0x613e7e07cb20_0;
    %cmpi/e 8, 0, 4;
    %flag_get/vec4 4;
    %jmp/0 T_2.286, 4;
    %load/vec4 v0x613e7e07c880_0;
    %pushi/vec4 2, 0, 4;
    %cmp/e;
    %flag_get/vec4 4;
    %and;
T_2.286;
    %flag_set/vec4 9;
    %flag_get/vec4 9;
    %jmp/0 T_2.285, 9;
    %load/vec4 v0x613e7e07c360_0;
    %pushi/vec4 0, 0, 4;
    %cmp/e;
    %flag_get/vec4 4;
    %and;
T_2.285;
    %flag_set/vec4 8;
    %jmp/0xz  T_2.283, 8;
    %pushi/vec4 9, 0, 5;
    %store/vec4 v0x613e7e07b2c0_0, 0, 5;
T_2.283 ;
    %load/vec4 v0x613e7e07cb20_0;
    %cmpi/e 14, 0, 4;
    %flag_get/vec4 4;
    %jmp/0 T_2.290, 4;
    %load/vec4 v0x613e7e07c360_0;
    %pushi/vec4 0, 0, 4;
    %cmp/e;
    %flag_get/vec4 4;
    %and;
T_2.290;
    %flag_set/vec4 9;
    %flag_get/vec4 9;
    %jmp/0 T_2.289, 9;
    %load/vec4 v0x613e7e07c880_0;
    %pushi/vec4 3, 0, 4;
    %cmp/e;
    %flag_get/vec4 4;
    %and;
T_2.289;
    %flag_set/vec4 8;
    %jmp/0xz  T_2.287, 8;
    %pushi/vec4 6, 0, 5;
    %store/vec4 v0x613e7e07b2c0_0, 0, 5;
T_2.287 ;
    %load/vec4 v0x613e7e07cb20_0;
    %cmpi/e 4, 0, 4;
    %flag_get/vec4 4;
    %jmp/0 T_2.294, 4;
    %load/vec4 v0x613e7e07c360_0;
    %pushi/vec4 1, 0, 4;
    %cmp/e;
    %flag_get/vec4 4;
    %and;
T_2.294;
    %flag_set/vec4 9;
    %flag_get/vec4 9;
    %jmp/0 T_2.293, 9;
    %load/vec4 v0x613e7e07c880_0;
    %pushi/vec4 4, 0, 4;
    %cmp/e;
    %flag_get/vec4 4;
    %and;
T_2.293;
    %flag_set/vec4 8;
    %jmp/0xz  T_2.291, 8;
    %pushi/vec4 9, 0, 5;
    %store/vec4 v0x613e7e07b2c0_0, 0, 5;
T_2.291 ;
    %load/vec4 v0x613e7e07cb20_0;
    %cmpi/e 10, 0, 4;
    %flag_get/vec4 4;
    %jmp/0 T_2.298, 4;
    %load/vec4 v0x613e7e07c360_0;
    %pushi/vec4 1, 0, 4;
    %cmp/e;
    %flag_get/vec4 4;
    %and;
T_2.298;
    %flag_set/vec4 9;
    %flag_get/vec4 9;
    %jmp/0 T_2.297, 9;
    %load/vec4 v0x613e7e07c880_0;
    %pushi/vec4 5, 0, 4;
    %cmp/e;
    %flag_get/vec4 4;
    %and;
T_2.297;
    %flag_set/vec4 8;
    %jmp/0xz  T_2.295, 8;
    %pushi/vec4 4, 0, 5;
    %store/vec4 v0x613e7e07b2c0_0, 0, 5;
T_2.295 ;
    %load/vec4 v0x613e7e07cb20_0;
    %cmpi/e 0, 0, 4;
    %flag_get/vec4 4;
    %jmp/0 T_2.302, 4;
    %load/vec4 v0x613e7e07c360_0;
    %pushi/vec4 1, 0, 4;
    %cmp/e;
    %flag_get/vec4 4;
    %and;
T_2.302;
    %flag_set/vec4 9;
    %flag_get/vec4 9;
    %jmp/0 T_2.301, 9;
    %load/vec4 v0x613e7e07c880_0;
    %pushi/vec4 6, 0, 4;
    %cmp/e;
    %flag_get/vec4 4;
    %and;
T_2.301;
    %flag_set/vec4 8;
    %jmp/0xz  T_2.299, 8;
    %pushi/vec4 9, 0, 5;
    %store/vec4 v0x613e7e07b2c0_0, 0, 5;
T_2.299 ;
    %load/vec4 v0x613e7e07cb20_0;
    %cmpi/e 6, 0, 4;
    %flag_get/vec4 4;
    %jmp/0 T_2.306, 4;
    %load/vec4 v0x613e7e07c360_0;
    %pushi/vec4 1, 0, 4;
    %cmp/e;
    %flag_get/vec4 4;
    %and;
T_2.306;
    %flag_set/vec4 9;
    %flag_get/vec4 9;
    %jmp/0 T_2.305, 9;
    %load/vec4 v0x613e7e07c880_0;
    %pushi/vec4 7, 0, 4;
    %cmp/e;
    %flag_get/vec4 4;
    %and;
T_2.305;
    %flag_set/vec4 8;
    %jmp/0xz  T_2.303, 8;
    %pushi/vec4 6, 0, 5;
    %store/vec4 v0x613e7e07b2c0_0, 0, 5;
T_2.303 ;
    %load/vec4 v0x613e7e07cb20_0;
    %cmpi/e 12, 0, 4;
    %flag_get/vec4 4;
    %jmp/0 T_2.310, 4;
    %load/vec4 v0x613e7e07c360_0;
    %pushi/vec4 2, 0, 4;
    %cmp/e;
    %flag_get/vec4 4;
    %and;
T_2.310;
    %flag_set/vec4 9;
    %flag_get/vec4 9;
    %jmp/0 T_2.309, 9;
    %load/vec4 v0x613e7e07c880_0;
    %pushi/vec4 8, 0, 4;
    %cmp/e;
    %flag_get/vec4 4;
    %and;
T_2.309;
    %flag_set/vec4 8;
    %jmp/0xz  T_2.307, 8;
    %pushi/vec4 9, 0, 5;
    %store/vec4 v0x613e7e07b2c0_0, 0, 5;
T_2.307 ;
    %load/vec4 v0x613e7e07cb20_0;
    %cmpi/e 1, 0, 4;
    %flag_get/vec4 4;
    %jmp/0 T_2.314, 4;
    %load/vec4 v0x613e7e07c360_0;
    %pushi/vec4 2, 0, 4;
    %cmp/e;
    %flag_get/vec4 4;
    %and;
T_2.314;
    %flag_set/vec4 9;
    %flag_get/vec4 9;
    %jmp/0 T_2.313, 9;
    %load/vec4 v0x613e7e07c880_0;
    %pushi/vec4 9, 0, 4;
    %cmp/e;
    %flag_get/vec4 4;
    %and;
T_2.313;
    %flag_set/vec4 8;
    %jmp/0xz  T_2.311, 8;
    %pushi/vec4 4, 0, 5;
    %store/vec4 v0x613e7e07b2c0_0, 0, 5;
T_2.311 ;
    %load/vec4 v0x613e7e07cb20_0;
    %cmpi/e 7, 0, 4;
    %flag_get/vec4 4;
    %jmp/0 T_2.318, 4;
    %load/vec4 v0x613e7e07c360_0;
    %pushi/vec4 2, 0, 4;
    %cmp/e;
    %flag_get/vec4 4;
    %and;
T_2.318;
    %flag_set/vec4 9;
    %flag_get/vec4 9;
    %jmp/0 T_2.317, 9;
    %load/vec4 v0x613e7e07c880_0;
    %pushi/vec4 10, 0, 4;
    %cmp/e;
    %flag_get/vec4 4;
    %and;
T_2.317;
    %flag_set/vec4 8;
    %jmp/0xz  T_2.315, 8;
    %pushi/vec4 9, 0, 5;
    %store/vec4 v0x613e7e07b2c0_0, 0, 5;
T_2.315 ;
    %load/vec4 v0x613e7e07cb20_0;
    %cmpi/e 13, 0, 4;
    %flag_get/vec4 4;
    %jmp/0 T_2.322, 4;
    %load/vec4 v0x613e7e07c360_0;
    %pushi/vec4 2, 0, 4;
    %cmp/e;
    %flag_get/vec4 4;
    %and;
T_2.322;
    %flag_set/vec4 9;
    %flag_get/vec4 9;
    %jmp/0 T_2.321, 9;
    %load/vec4 v0x613e7e07c880_0;
    %pushi/vec4 11, 0, 4;
    %cmp/e;
    %flag_get/vec4 4;
    %and;
T_2.321;
    %flag_set/vec4 8;
    %jmp/0xz  T_2.319, 8;
    %pushi/vec4 6, 0, 5;
    %store/vec4 v0x613e7e07b2c0_0, 0, 5;
T_2.319 ;
    %load/vec4 v0x613e7e07cb20_0;
    %cmpi/e 3, 0, 4;
    %flag_get/vec4 4;
    %jmp/0 T_2.326, 4;
    %load/vec4 v0x613e7e07c360_0;
    %pushi/vec4 3, 0, 4;
    %cmp/e;
    %flag_get/vec4 4;
    %and;
T_2.326;
    %flag_set/vec4 9;
    %flag_get/vec4 9;
    %jmp/0 T_2.325, 9;
    %load/vec4 v0x613e7e07c880_0;
    %pushi/vec4 12, 0, 4;
    %cmp/e;
    %flag_get/vec4 4;
    %and;
T_2.325;
    %flag_set/vec4 8;
    %jmp/0xz  T_2.323, 8;
    %pushi/vec4 9, 0, 5;
    %store/vec4 v0x613e7e07b2c0_0, 0, 5;
T_2.323 ;
    %load/vec4 v0x613e7e07cb20_0;
    %cmpi/e 9, 0, 4;
    %flag_get/vec4 4;
    %jmp/0 T_2.330, 4;
    %load/vec4 v0x613e7e07c360_0;
    %pushi/vec4 3, 0, 4;
    %cmp/e;
    %flag_get/vec4 4;
    %and;
T_2.330;
    %flag_set/vec4 9;
    %flag_get/vec4 9;
    %jmp/0 T_2.329, 9;
    %load/vec4 v0x613e7e07c880_0;
    %pushi/vec4 13, 0, 4;
    %cmp/e;
    %flag_get/vec4 4;
    %and;
T_2.329;
    %flag_set/vec4 8;
    %jmp/0xz  T_2.327, 8;
    %pushi/vec4 4, 0, 5;
    %store/vec4 v0x613e7e07b2c0_0, 0, 5;
T_2.327 ;
    %load/vec4 v0x613e7e07cb20_0;
    %cmpi/e 15, 0, 4;
    %flag_get/vec4 4;
    %jmp/0 T_2.334, 4;
    %load/vec4 v0x613e7e07c360_0;
    %pushi/vec4 3, 0, 4;
    %cmp/e;
    %flag_get/vec4 4;
    %and;
T_2.334;
    %flag_set/vec4 9;
    %flag_get/vec4 9;
    %jmp/0 T_2.333, 9;
    %load/vec4 v0x613e7e07c880_0;
    %pushi/vec4 14, 0, 4;
    %cmp/e;
    %flag_get/vec4 4;
    %and;
T_2.333;
    %flag_set/vec4 8;
    %jmp/0xz  T_2.331, 8;
    %pushi/vec4 9, 0, 5;
    %store/vec4 v0x613e7e07b2c0_0, 0, 5;
T_2.331 ;
    %jmp T_2.9;
T_2.6 ;
    %load/vec4 v0x613e7e07c880_0;
    %dup/vec4;
    %pushi/vec4 2, 0, 4;
    %cmp/u;
    %jmp/1 T_2.335, 6;
    %dup/vec4;
    %pushi/vec4 4, 0, 4;
    %cmp/u;
    %jmp/1 T_2.336, 6;
    %dup/vec4;
    %pushi/vec4 6, 0, 4;
    %cmp/u;
    %jmp/1 T_2.337, 6;
    %dup/vec4;
    %pushi/vec4 8, 0, 4;
    %cmp/u;
    %jmp/1 T_2.338, 6;
    %dup/vec4;
    %pushi/vec4 10, 0, 4;
    %cmp/u;
    %jmp/1 T_2.339, 6;
    %dup/vec4;
    %pushi/vec4 12, 0, 4;
    %cmp/u;
    %jmp/1 T_2.340, 6;
    %dup/vec4;
    %pushi/vec4 14, 0, 4;
    %cmp/u;
    %jmp/1 T_2.341, 6;
    %jmp T_2.342;
T_2.335 ;
    %load/vec4 v0x613e7e07ca40_0;
    %parti/s 8, 24, 6;
    %pushi/vec4 1, 0, 8;
    %xor;
    %load/vec4 v0x613e7e07ca40_0;
    %parti/s 24, 0, 2;
    %concat/vec4; draw_concat_vec4
    %store/vec4 v0x613e7e07c280_0, 0, 32;
    %jmp T_2.342;
T_2.336 ;
    %load/vec4 v0x613e7e07ca40_0;
    %parti/s 8, 24, 6;
    %pushi/vec4 2, 0, 8;
    %xor;
    %load/vec4 v0x613e7e07ca40_0;
    %parti/s 24, 0, 2;
    %concat/vec4; draw_concat_vec4
    %store/vec4 v0x613e7e07c280_0, 0, 32;
    %jmp T_2.342;
T_2.337 ;
    %load/vec4 v0x613e7e07ca40_0;
    %parti/s 8, 24, 6;
    %pushi/vec4 4, 0, 8;
    %xor;
    %load/vec4 v0x613e7e07ca40_0;
    %parti/s 24, 0, 2;
    %concat/vec4; draw_concat_vec4
    %store/vec4 v0x613e7e07c280_0, 0, 32;
    %jmp T_2.342;
T_2.338 ;
    %load/vec4 v0x613e7e07ca40_0;
    %parti/s 8, 24, 6;
    %pushi/vec4 8, 0, 8;
    %xor;
    %load/vec4 v0x613e7e07ca40_0;
    %parti/s 24, 0, 2;
    %concat/vec4; draw_concat_vec4
    %store/vec4 v0x613e7e07c280_0, 0, 32;
    %jmp T_2.342;
T_2.339 ;
    %load/vec4 v0x613e7e07ca40_0;
    %parti/s 8, 24, 6;
    %pushi/vec4 16, 0, 8;
    %xor;
    %load/vec4 v0x613e7e07ca40_0;
    %parti/s 24, 0, 2;
    %concat/vec4; draw_concat_vec4
    %store/vec4 v0x613e7e07c280_0, 0, 32;
    %jmp T_2.342;
T_2.340 ;
    %load/vec4 v0x613e7e07ca40_0;
    %parti/s 8, 24, 6;
    %pushi/vec4 32, 0, 8;
    %xor;
    %load/vec4 v0x613e7e07ca40_0;
    %parti/s 24, 0, 2;
    %concat/vec4; draw_concat_vec4
    %store/vec4 v0x613e7e07c280_0, 0, 32;
    %jmp T_2.342;
T_2.341 ;
    %load/vec4 v0x613e7e07ca40_0;
    %parti/s 8, 24, 6;
    %pushi/vec4 64, 0, 8;
    %xor;
    %load/vec4 v0x613e7e07ca40_0;
    %parti/s 24, 0, 2;
    %concat/vec4; draw_concat_vec4
    %store/vec4 v0x613e7e07c280_0, 0, 32;
    %jmp T_2.342;
T_2.342 ;
    %pop/vec4 1;
    %load/vec4 v0x613e7e07c880_0;
    %cmpi/e 4, 0, 4;
    %jmp/1 T_2.346, 4;
    %flag_mov 8, 4;
    %load/vec4 v0x613e7e07c880_0;
    %cmpi/e 8, 0, 4;
    %flag_or 4, 8;
T_2.346;
    %jmp/1 T_2.345, 4;
    %flag_mov 8, 4;
    %load/vec4 v0x613e7e07c880_0;
    %cmpi/e 12, 0, 4;
    %flag_or 4, 8;
T_2.345;
    %jmp/0xz  T_2.343, 4;
    %pushi/vec4 3, 0, 5;
    %store/vec4 v0x613e7e07b2c0_0, 0, 5;
    %jmp T_2.344;
T_2.343 ;
    %pushi/vec4 5, 0, 5;
    %store/vec4 v0x613e7e07b2c0_0, 0, 5;
T_2.344 ;
    %jmp T_2.9;
T_2.7 ;
    %load/vec4 v0x613e7e07c880_0;
    %addi 1, 0, 4;
    %store/vec4 v0x613e7e07c880_0, 0, 4;
    %load/vec4 v0x613e7e07ad50_0;
    %parti/s 32, 0, 2;
    %load/vec4 v0x613e7e07c280_0;
    %xor;
    %ix/load 4, 0, 0;
    %flag_set/imm 4, 0;
    %store/vec4 v0x613e7e07aef0_0, 4, 32;
    %load/vec4 v0x613e7e07ad50_0;
    %parti/s 32, 32, 7;
    %load/vec4 v0x613e7e07aef0_0;
    %parti/s 32, 0, 2;
    %xor;
    %ix/load 4, 32, 0;
    %flag_set/imm 4, 0;
    %store/vec4 v0x613e7e07aef0_0, 4, 32;
    %load/vec4 v0x613e7e07ad50_0;
    %parti/s 32, 64, 8;
    %load/vec4 v0x613e7e07aef0_0;
    %parti/s 32, 32, 7;
    %xor;
    %ix/load 4, 64, 0;
    %flag_set/imm 4, 0;
    %store/vec4 v0x613e7e07aef0_0, 4, 32;
    %load/vec4 v0x613e7e07ad50_0;
    %parti/s 32, 96, 8;
    %load/vec4 v0x613e7e07aef0_0;
    %parti/s 32, 64, 8;
    %xor;
    %ix/load 4, 96, 0;
    %flag_set/imm 4, 0;
    %store/vec4 v0x613e7e07aef0_0, 4, 32;
    %load/vec4 v0x613e7e07aef0_0;
    %parti/s 32, 96, 8;
    %store/vec4 v0x613e7e07b480_0, 0, 32;
    %pushi/vec4 0, 0, 2;
    %store/vec4 v0x613e7e07c7a0_0, 0, 2;
    %load/vec4 v0x613e7e07c880_0;
    %cmpi/e 3, 0, 4;
    %jmp/0xz  T_2.347, 4;
    %load/vec4 v0x613e7e07aef0_0;
    %store/vec4 v0x613e7e07bc60_0, 0, 128;
T_2.347 ;
    %load/vec4 v0x613e7e07c880_0;
    %cmpi/e 7, 0, 4;
    %jmp/0xz  T_2.349, 4;
    %load/vec4 v0x613e7e07aef0_0;
    %store/vec4 v0x613e7e07bfe0_0, 0, 128;
T_2.349 ;
    %load/vec4 v0x613e7e07c880_0;
    %cmpi/e 11, 0, 4;
    %jmp/0xz  T_2.351, 4;
    %load/vec4 v0x613e7e07aef0_0;
    %store/vec4 v0x613e7e07b640_0, 0, 128;
T_2.351 ;
    %load/vec4 v0x613e7e07c880_0;
    %cmpi/e 15, 0, 4;
    %jmp/0xz  T_2.353, 4;
    %load/vec4 v0x613e7e07aef0_0;
    %store/vec4 v0x613e7e07b9c0_0, 0, 128;
    %pushi/vec4 11, 0, 5;
    %store/vec4 v0x613e7e07b2c0_0, 0, 5;
    %jmp T_2.354;
T_2.353 ;
    %pushi/vec4 8, 0, 5;
    %store/vec4 v0x613e7e07b2c0_0, 0, 5;
T_2.354 ;
    %jmp T_2.9;
T_2.8 ;
    %load/vec4 v0x613e7e07c880_0;
    %addi 1, 0, 4;
    %store/vec4 v0x613e7e07c880_0, 0, 4;
    %load/vec4 v0x613e7e07ae30_0;
    %parti/s 32, 0, 2;
    %load/vec4 v0x613e7e07ca40_0;
    %xor;
    %ix/load 4, 0, 0;
    %flag_set/imm 4, 0;
    %store/vec4 v0x613e7e07afd0_0, 4, 32;
    %load/vec4 v0x613e7e07ae30_0;
    %parti/s 32, 32, 7;
    %load/vec4 v0x613e7e07afd0_0;
    %parti/s 32, 0, 2;
    %xor;
    %ix/load 4, 32, 0;
    %flag_set/imm 4, 0;
    %store/vec4 v0x613e7e07afd0_0, 4, 32;
    %load/vec4 v0x613e7e07ae30_0;
    %parti/s 32, 64, 8;
    %load/vec4 v0x613e7e07afd0_0;
    %parti/s 32, 32, 7;
    %xor;
    %ix/load 4, 64, 0;
    %flag_set/imm 4, 0;
    %store/vec4 v0x613e7e07afd0_0, 4, 32;
    %load/vec4 v0x613e7e07ae30_0;
    %parti/s 32, 96, 8;
    %load/vec4 v0x613e7e07afd0_0;
    %parti/s 32, 64, 8;
    %xor;
    %ix/load 4, 96, 0;
    %flag_set/imm 4, 0;
    %store/vec4 v0x613e7e07afd0_0, 4, 32;
    %load/vec4 v0x613e7e07c360_0;
    %cmpi/e 0, 0, 4;
    %jmp/0xz  T_2.355, 4;
    %load/vec4 v0x613e7e07afd0_0;
    %store/vec4 v0x613e7e07bd40_0, 0, 128;
T_2.355 ;
    %load/vec4 v0x613e7e07c360_0;
    %cmpi/e 1, 0, 4;
    %jmp/0xz  T_2.357, 4;
    %load/vec4 v0x613e7e07afd0_0;
    %store/vec4 v0x613e7e07c0c0_0, 0, 128;
T_2.357 ;
    %load/vec4 v0x613e7e07c360_0;
    %cmpi/e 2, 0, 4;
    %jmp/0xz  T_2.359, 4;
    %load/vec4 v0x613e7e07afd0_0;
    %store/vec4 v0x613e7e07b720_0, 0, 128;
T_2.359 ;
    %load/vec4 v0x613e7e07c880_0;
    %cmpi/e 4, 0, 4;
    %jmp/1 T_2.364, 4;
    %flag_mov 8, 4;
    %load/vec4 v0x613e7e07c880_0;
    %cmpi/e 8, 0, 4;
    %flag_or 4, 8;
T_2.364;
    %jmp/1 T_2.363, 4;
    %flag_mov 8, 4;
    %load/vec4 v0x613e7e07c880_0;
    %cmpi/e 12, 0, 4;
    %flag_or 4, 8;
T_2.363;
    %jmp/0xz  T_2.361, 4;
    %load/vec4 v0x613e7e07c360_0;
    %addi 1, 0, 4;
    %store/vec4 v0x613e7e07c360_0, 0, 4;
T_2.361 ;
    %load/vec4 v0x613e7e07afd0_0;
    %parti/s 32, 96, 8;
    %store/vec4 v0x613e7e07c960_0, 0, 32;
    %pushi/vec4 7, 0, 5;
    %store/vec4 v0x613e7e07b2c0_0, 0, 5;
    %jmp T_2.9;
T_2.9 ;
    %pop/vec4 1;
    %jmp T_2;
    .thread T_2, $push;
    .scope S_0x613e7e02f630;
T_3 ;
    %pushi/vec4 0, 0, 1;
    %store/vec4 v0x613e7e07cc80_0, 0, 1;
T_3.0 ;
    %delay 5, 0;
    %load/vec4 v0x613e7e07cc80_0;
    %inv;
    %store/vec4 v0x613e7e07cc80_0, 0, 1;
    %jmp T_3.0;
    %end;
    .thread T_3;
    .scope S_0x613e7e02f630;
T_4 ;
    %pushi/vec4 1, 0, 1;
    %store/vec4 v0x613e7e07ce80_0, 0, 1;
    %pushi/vec4 3360180085, 0, 33;
    %concati/vec4 2776362253, 0, 33;
    %concati/vec4 2337262394, 0, 32;
    %concati/vec4 3386918944, 0, 33;
    %concati/vec4 2826513493, 0, 32;
    %concati/vec4 4282168352, 0, 36;
    %concati/vec4 3956941134, 0, 32;
    %concati/vec4 10181168, 0, 25;
    %store/vec4 v0x613e7e07cd40_0, 0, 256;
    %delay 10, 0;
    %pushi/vec4 0, 0, 1;
    %store/vec4 v0x613e7e07ce80_0, 0, 1;
    %delay 10, 0;
    %delay 1000, 0;
    %vpi_call 2 40 "$finish" {0 0 0};
    %end;
    .thread T_4;
    .scope S_0x613e7e02f630;
T_5 ;
    %vpi_call 2 46 "$dumpfile", "updatedkeyexpansion.vcd" {0 0 0};
    %vpi_call 2 47 "$dumpvars", 32'sb00000000000000000000000000000000, S_0x613e7e02f630 {0 0 0};
    %end;
    .thread T_5;
# The file index is used to find the file name in the following table.
:file_names 4;
    "N/A";
    "<interactive>";
    "updatedkeyexpansion_tb.v";
    "updatedkeyexpansion.v";
